The system is: Linux - 6.1.0-37-amd64 - x86_64
Compiling the C compiler identification source file "CMakeCCompilerId.c" succeeded.
Compiler: /usr/bin/cc 
Build flags: 
Id flags:  

The output was:
0


Compilation of the C compiler identification source "CMakeCCompilerId.c" produced "a.out"

The C compiler identification is GNU, found in "/home/m4x/Documents/Work/UA/coast/COAST/build-laptop/CMakeFiles/3.25.1/CompilerIdC/a.out"

Compiling the CXX compiler identification source file "CMakeCXXCompilerId.cpp" succeeded.
Compiler: /usr/bin/c++ 
Build flags: 
Id flags:  

The output was:
0


Compilation of the CXX compiler identification source "CMakeCXXCompilerId.cpp" produced "a.out"

The CXX compiler identification is GNU, found in "/home/m4x/Documents/Work/UA/coast/COAST/build-laptop/CMakeFiles/3.25.1/CompilerIdCXX/a.out"

Detecting C compiler ABI info compiled with the following output:
Change Dir: /home/m4x/Documents/Work/UA/coast/COAST/build-laptop/CMakeFiles/CMakeScratch/TryCompile-pyVS4Q

Run Build Command(s):/usr/bin/gmake -f Makefile cmTC_dc23a/fast && /usr/bin/gmake  -f CMakeFiles/cmTC_dc23a.dir/build.make CMakeFiles/cmTC_dc23a.dir/build
gmake[1]: Entering directory '/home/m4x/Documents/Work/UA/coast/COAST/build-laptop/CMakeFiles/CMakeScratch/TryCompile-pyVS4Q'
Building C object CMakeFiles/cmTC_dc23a.dir/CMakeCCompilerABI.c.o
/usr/bin/cc   -v -o CMakeFiles/cmTC_dc23a.dir/CMakeCCompilerABI.c.o -c /usr/share/cmake-3.25/Modules/CMakeCCompilerABI.c
Using built-in specs.
COLLECT_GCC=/usr/bin/cc
OFFLOAD_TARGET_NAMES=nvptx-none:amdgcn-amdhsa
OFFLOAD_TARGET_DEFAULT=1
Target: x86_64-linux-gnu
Configured with: ../src/configure -v --with-pkgversion='Debian 12.2.0-14+deb12u1' --with-bugurl=file:///usr/share/doc/gcc-12/README.Bugs --enable-languages=c,ada,c++,go,d,fortran,objc,obj-c++,m2 --prefix=/usr --with-gcc-major-version-only --program-suffix=-12 --program-prefix=x86_64-linux-gnu- --enable-shared --enable-linker-build-id --libexecdir=/usr/lib --without-included-gettext --enable-threads=posix --libdir=/usr/lib --enable-nls --enable-clocale=gnu --enable-libstdcxx-debug --enable-libstdcxx-time=yes --with-default-libstdcxx-abi=new --enable-gnu-unique-object --disable-vtable-verify --enable-plugin --enable-default-pie --with-system-zlib --enable-libphobos-checking=release --with-target-system-zlib=auto --enable-objc-gc=auto --enable-multiarch --disable-werror --enable-cet --with-arch-32=i686 --with-abi=m64 --with-multilib-list=m32,m64,mx32 --enable-multilib --with-tune=generic --enable-offload-targets=nvptx-none=/build/reproducible-path/gcc-12-12.2.0/debian/tmp-nvptx/usr,amdgcn-amdhsa=/build/reproducible-path/gcc-12-12.2.0/debian/tmp-gcn/usr --enable-offload-defaulted --without-cuda-driver --enable-checking=release --build=x86_64-linux-gnu --host=x86_64-linux-gnu --target=x86_64-linux-gnu
Thread model: posix
Supported LTO compression algorithms: zlib zstd
gcc version 12.2.0 (Debian 12.2.0-14+deb12u1) 
COLLECT_GCC_OPTIONS='-v' '-o' 'CMakeFiles/cmTC_dc23a.dir/CMakeCCompilerABI.c.o' '-c' '-mtune=generic' '-march=x86-64' '-dumpdir' 'CMakeFiles/cmTC_dc23a.dir/'
 /usr/lib/gcc/x86_64-linux-gnu/12/cc1 -quiet -v -imultiarch x86_64-linux-gnu /usr/share/cmake-3.25/Modules/CMakeCCompilerABI.c -quiet -dumpdir CMakeFiles/cmTC_dc23a.dir/ -dumpbase CMakeCCompilerABI.c.c -dumpbase-ext .c -mtune=generic -march=x86-64 -version -fasynchronous-unwind-tables -o /tmp/ccraOu0D.s
GNU C17 (Debian 12.2.0-14+deb12u1) version 12.2.0 (x86_64-linux-gnu)
	compiled by GNU C version 12.2.0, GMP version 6.2.1, MPFR version 4.2.0, MPC version 1.3.1, isl version isl-0.25-GMP

GGC heuristics: --param ggc-min-expand=100 --param ggc-min-heapsize=131072
ignoring nonexistent directory "/usr/local/include/x86_64-linux-gnu"
ignoring nonexistent directory "/usr/lib/gcc/x86_64-linux-gnu/12/include-fixed"
ignoring nonexistent directory "/usr/lib/gcc/x86_64-linux-gnu/12/../../../../x86_64-linux-gnu/include"
#include "..." search starts here:
#include <...> search starts here:
 /usr/lib/gcc/x86_64-linux-gnu/12/include
 /usr/local/include
 /usr/include/x86_64-linux-gnu
 /usr/include
End of search list.
GNU C17 (Debian 12.2.0-14+deb12u1) version 12.2.0 (x86_64-linux-gnu)
	compiled by GNU C version 12.2.0, GMP version 6.2.1, MPFR version 4.2.0, MPC version 1.3.1, isl version isl-0.25-GMP

GGC heuristics: --param ggc-min-expand=100 --param ggc-min-heapsize=131072
Compiler executable checksum: df5cb71f7b1353aac39c2b59ae45fa4a
COLLECT_GCC_OPTIONS='-v' '-o' 'CMakeFiles/cmTC_dc23a.dir/CMakeCCompilerABI.c.o' '-c' '-mtune=generic' '-march=x86-64' '-dumpdir' 'CMakeFiles/cmTC_dc23a.dir/'
 as -v --64 -o CMakeFiles/cmTC_dc23a.dir/CMakeCCompilerABI.c.o /tmp/ccraOu0D.s
GNU assembler version 2.40 (x86_64-linux-gnu) using BFD version (GNU Binutils for Debian) 2.40
COMPILER_PATH=/usr/lib/gcc/x86_64-linux-gnu/12/:/usr/lib/gcc/x86_64-linux-gnu/12/:/usr/lib/gcc/x86_64-linux-gnu/:/usr/lib/gcc/x86_64-linux-gnu/12/:/usr/lib/gcc/x86_64-linux-gnu/
LIBRARY_PATH=/usr/lib/gcc/x86_64-linux-gnu/12/:/usr/lib/gcc/x86_64-linux-gnu/12/../../../x86_64-linux-gnu/:/usr/lib/gcc/x86_64-linux-gnu/12/../../../../lib/:/lib/x86_64-linux-gnu/:/lib/../lib/:/usr/lib/x86_64-linux-gnu/:/usr/lib/../lib/:/usr/lib/gcc/x86_64-linux-gnu/12/../../../:/lib/:/usr/lib/
COLLECT_GCC_OPTIONS='-v' '-o' 'CMakeFiles/cmTC_dc23a.dir/CMakeCCompilerABI.c.o' '-c' '-mtune=generic' '-march=x86-64' '-dumpdir' 'CMakeFiles/cmTC_dc23a.dir/CMakeCCompilerABI.c.'
Linking C executable cmTC_dc23a
/usr/bin/cmake -E cmake_link_script CMakeFiles/cmTC_dc23a.dir/link.txt --verbose=1
/usr/bin/cc  -v CMakeFiles/cmTC_dc23a.dir/CMakeCCompilerABI.c.o -o cmTC_dc23a 
Using built-in specs.
COLLECT_GCC=/usr/bin/cc
COLLECT_LTO_WRAPPER=/usr/lib/gcc/x86_64-linux-gnu/12/lto-wrapper
OFFLOAD_TARGET_NAMES=nvptx-none:amdgcn-amdhsa
OFFLOAD_TARGET_DEFAULT=1
Target: x86_64-linux-gnu
Configured with: ../src/configure -v --with-pkgversion='Debian 12.2.0-14+deb12u1' --with-bugurl=file:///usr/share/doc/gcc-12/README.Bugs --enable-languages=c,ada,c++,go,d,fortran,objc,obj-c++,m2 --prefix=/usr --with-gcc-major-version-only --program-suffix=-12 --program-prefix=x86_64-linux-gnu- --enable-shared --enable-linker-build-id --libexecdir=/usr/lib --without-included-gettext --enable-threads=posix --libdir=/usr/lib --enable-nls --enable-clocale=gnu --enable-libstdcxx-debug --enable-libstdcxx-time=yes --with-default-libstdcxx-abi=new --enable-gnu-unique-object --disable-vtable-verify --enable-plugin --enable-default-pie --with-system-zlib --enable-libphobos-checking=release --with-target-system-zlib=auto --enable-objc-gc=auto --enable-multiarch --disable-werror --enable-cet --with-arch-32=i686 --with-abi=m64 --with-multilib-list=m32,m64,mx32 --enable-multilib --with-tune=generic --enable-offload-targets=nvptx-none=/build/reproducible-path/gcc-12-12.2.0/debian/tmp-nvptx/usr,amdgcn-amdhsa=/build/reproducible-path/gcc-12-12.2.0/debian/tmp-gcn/usr --enable-offload-defaulted --without-cuda-driver --enable-checking=release --build=x86_64-linux-gnu --host=x86_64-linux-gnu --target=x86_64-linux-gnu
Thread model: posix
Supported LTO compression algorithms: zlib zstd
gcc version 12.2.0 (Debian 12.2.0-14+deb12u1) 
COMPILER_PATH=/usr/lib/gcc/x86_64-linux-gnu/12/:/usr/lib/gcc/x86_64-linux-gnu/12/:/usr/lib/gcc/x86_64-linux-gnu/:/usr/lib/gcc/x86_64-linux-gnu/12/:/usr/lib/gcc/x86_64-linux-gnu/
LIBRARY_PATH=/usr/lib/gcc/x86_64-linux-gnu/12/:/usr/lib/gcc/x86_64-linux-gnu/12/../../../x86_64-linux-gnu/:/usr/lib/gcc/x86_64-linux-gnu/12/../../../../lib/:/lib/x86_64-linux-gnu/:/lib/../lib/:/usr/lib/x86_64-linux-gnu/:/usr/lib/../lib/:/usr/lib/gcc/x86_64-linux-gnu/12/../../../:/lib/:/usr/lib/
COLLECT_GCC_OPTIONS='-v' '-o' 'cmTC_dc23a' '-mtune=generic' '-march=x86-64' '-dumpdir' 'cmTC_dc23a.'
 /usr/lib/gcc/x86_64-linux-gnu/12/collect2 -plugin /usr/lib/gcc/x86_64-linux-gnu/12/liblto_plugin.so -plugin-opt=/usr/lib/gcc/x86_64-linux-gnu/12/lto-wrapper -plugin-opt=-fresolution=/tmp/cc6Z8PDA.res -plugin-opt=-pass-through=-lgcc -plugin-opt=-pass-through=-lgcc_s -plugin-opt=-pass-through=-lc -plugin-opt=-pass-through=-lgcc -plugin-opt=-pass-through=-lgcc_s --build-id --eh-frame-hdr -m elf_x86_64 --hash-style=gnu --as-needed -dynamic-linker /lib64/ld-linux-x86-64.so.2 -pie -o cmTC_dc23a /usr/lib/gcc/x86_64-linux-gnu/12/../../../x86_64-linux-gnu/Scrt1.o /usr/lib/gcc/x86_64-linux-gnu/12/../../../x86_64-linux-gnu/crti.o /usr/lib/gcc/x86_64-linux-gnu/12/crtbeginS.o -L/usr/lib/gcc/x86_64-linux-gnu/12 -L/usr/lib/gcc/x86_64-linux-gnu/12/../../../x86_64-linux-gnu -L/usr/lib/gcc/x86_64-linux-gnu/12/../../../../lib -L/lib/x86_64-linux-gnu -L/lib/../lib -L/usr/lib/x86_64-linux-gnu -L/usr/lib/../lib -L/usr/lib/gcc/x86_64-linux-gnu/12/../../.. CMakeFiles/cmTC_dc23a.dir/CMakeCCompilerABI.c.o -lgcc --push-state --as-needed -lgcc_s --pop-state -lc -lgcc --push-state --as-needed -lgcc_s --pop-state /usr/lib/gcc/x86_64-linux-gnu/12/crtendS.o /usr/lib/gcc/x86_64-linux-gnu/12/../../../x86_64-linux-gnu/crtn.o
COLLECT_GCC_OPTIONS='-v' '-o' 'cmTC_dc23a' '-mtune=generic' '-march=x86-64' '-dumpdir' 'cmTC_dc23a.'
gmake[1]: Leaving directory '/home/m4x/Documents/Work/UA/coast/COAST/build-laptop/CMakeFiles/CMakeScratch/TryCompile-pyVS4Q'



Parsed C implicit include dir info from above output: rv=done
  found start of include info
  found start of implicit include info
    add: [/usr/lib/gcc/x86_64-linux-gnu/12/include]
    add: [/usr/local/include]
    add: [/usr/include/x86_64-linux-gnu]
    add: [/usr/include]
  end of search list found
  collapse include dir [/usr/lib/gcc/x86_64-linux-gnu/12/include] ==> [/usr/lib/gcc/x86_64-linux-gnu/12/include]
  collapse include dir [/usr/local/include] ==> [/usr/local/include]
  collapse include dir [/usr/include/x86_64-linux-gnu] ==> [/usr/include/x86_64-linux-gnu]
  collapse include dir [/usr/include] ==> [/usr/include]
  implicit include dirs: [/usr/lib/gcc/x86_64-linux-gnu/12/include;/usr/local/include;/usr/include/x86_64-linux-gnu;/usr/include]


Parsed C implicit link information from above output:
  link line regex: [^( *|.*[/\])(ld|CMAKE_LINK_STARTFILE-NOTFOUND|([^/\]+-)?ld|collect2)[^/\]*( |$)]
  ignore line: [Change Dir: /home/m4x/Documents/Work/UA/coast/COAST/build-laptop/CMakeFiles/CMakeScratch/TryCompile-pyVS4Q]
  ignore line: []
  ignore line: [Run Build Command(s):/usr/bin/gmake -f Makefile cmTC_dc23a/fast && /usr/bin/gmake  -f CMakeFiles/cmTC_dc23a.dir/build.make CMakeFiles/cmTC_dc23a.dir/build]
  ignore line: [gmake[1]: Entering directory '/home/m4x/Documents/Work/UA/coast/COAST/build-laptop/CMakeFiles/CMakeScratch/TryCompile-pyVS4Q']
  ignore line: [Building C object CMakeFiles/cmTC_dc23a.dir/CMakeCCompilerABI.c.o]
  ignore line: [/usr/bin/cc   -v -o CMakeFiles/cmTC_dc23a.dir/CMakeCCompilerABI.c.o -c /usr/share/cmake-3.25/Modules/CMakeCCompilerABI.c]
  ignore line: [Using built-in specs.]
  ignore line: [COLLECT_GCC=/usr/bin/cc]
  ignore line: [OFFLOAD_TARGET_NAMES=nvptx-none:amdgcn-amdhsa]
  ignore line: [OFFLOAD_TARGET_DEFAULT=1]
  ignore line: [Target: x86_64-linux-gnu]
  ignore line: [Configured with: ../src/configure -v --with-pkgversion='Debian 12.2.0-14+deb12u1' --with-bugurl=file:///usr/share/doc/gcc-12/README.Bugs --enable-languages=c ada c++ go d fortran objc obj-c++ m2 --prefix=/usr --with-gcc-major-version-only --program-suffix=-12 --program-prefix=x86_64-linux-gnu- --enable-shared --enable-linker-build-id --libexecdir=/usr/lib --without-included-gettext --enable-threads=posix --libdir=/usr/lib --enable-nls --enable-clocale=gnu --enable-libstdcxx-debug --enable-libstdcxx-time=yes --with-default-libstdcxx-abi=new --enable-gnu-unique-object --disable-vtable-verify --enable-plugin --enable-default-pie --with-system-zlib --enable-libphobos-checking=release --with-target-system-zlib=auto --enable-objc-gc=auto --enable-multiarch --disable-werror --enable-cet --with-arch-32=i686 --with-abi=m64 --with-multilib-list=m32 m64 mx32 --enable-multilib --with-tune=generic --enable-offload-targets=nvptx-none=/build/reproducible-path/gcc-12-12.2.0/debian/tmp-nvptx/usr amdgcn-amdhsa=/build/reproducible-path/gcc-12-12.2.0/debian/tmp-gcn/usr --enable-offload-defaulted --without-cuda-driver --enable-checking=release --build=x86_64-linux-gnu --host=x86_64-linux-gnu --target=x86_64-linux-gnu]
  ignore line: [Thread model: posix]
  ignore line: [Supported LTO compression algorithms: zlib zstd]
  ignore line: [gcc version 12.2.0 (Debian 12.2.0-14+deb12u1) ]
  ignore line: [COLLECT_GCC_OPTIONS='-v' '-o' 'CMakeFiles/cmTC_dc23a.dir/CMakeCCompilerABI.c.o' '-c' '-mtune=generic' '-march=x86-64' '-dumpdir' 'CMakeFiles/cmTC_dc23a.dir/']
  ignore line: [ /usr/lib/gcc/x86_64-linux-gnu/12/cc1 -quiet -v -imultiarch x86_64-linux-gnu /usr/share/cmake-3.25/Modules/CMakeCCompilerABI.c -quiet -dumpdir CMakeFiles/cmTC_dc23a.dir/ -dumpbase CMakeCCompilerABI.c.c -dumpbase-ext .c -mtune=generic -march=x86-64 -version -fasynchronous-unwind-tables -o /tmp/ccraOu0D.s]
  ignore line: [GNU C17 (Debian 12.2.0-14+deb12u1) version 12.2.0 (x86_64-linux-gnu)]
  ignore line: [	compiled by GNU C version 12.2.0  GMP version 6.2.1  MPFR version 4.2.0  MPC version 1.3.1  isl version isl-0.25-GMP]
  ignore line: []
  ignore line: [GGC heuristics: --param ggc-min-expand=100 --param ggc-min-heapsize=131072]
  ignore line: [ignoring nonexistent directory "/usr/local/include/x86_64-linux-gnu"]
  ignore line: [ignoring nonexistent directory "/usr/lib/gcc/x86_64-linux-gnu/12/include-fixed"]
  ignore line: [ignoring nonexistent directory "/usr/lib/gcc/x86_64-linux-gnu/12/../../../../x86_64-linux-gnu/include"]
  ignore line: [#include "..." search starts here:]
  ignore line: [#include <...> search starts here:]
  ignore line: [ /usr/lib/gcc/x86_64-linux-gnu/12/include]
  ignore line: [ /usr/local/include]
  ignore line: [ /usr/include/x86_64-linux-gnu]
  ignore line: [ /usr/include]
  ignore line: [End of search list.]
  ignore line: [GNU C17 (Debian 12.2.0-14+deb12u1) version 12.2.0 (x86_64-linux-gnu)]
  ignore line: [	compiled by GNU C version 12.2.0  GMP version 6.2.1  MPFR version 4.2.0  MPC version 1.3.1  isl version isl-0.25-GMP]
  ignore line: []
  ignore line: [GGC heuristics: --param ggc-min-expand=100 --param ggc-min-heapsize=131072]
  ignore line: [Compiler executable checksum: df5cb71f7b1353aac39c2b59ae45fa4a]
  ignore line: [COLLECT_GCC_OPTIONS='-v' '-o' 'CMakeFiles/cmTC_dc23a.dir/CMakeCCompilerABI.c.o' '-c' '-mtune=generic' '-march=x86-64' '-dumpdir' 'CMakeFiles/cmTC_dc23a.dir/']
  ignore line: [ as -v --64 -o CMakeFiles/cmTC_dc23a.dir/CMakeCCompilerABI.c.o /tmp/ccraOu0D.s]
  ignore line: [GNU assembler version 2.40 (x86_64-linux-gnu) using BFD version (GNU Binutils for Debian) 2.40]
  ignore line: [COMPILER_PATH=/usr/lib/gcc/x86_64-linux-gnu/12/:/usr/lib/gcc/x86_64-linux-gnu/12/:/usr/lib/gcc/x86_64-linux-gnu/:/usr/lib/gcc/x86_64-linux-gnu/12/:/usr/lib/gcc/x86_64-linux-gnu/]
  ignore line: [LIBRARY_PATH=/usr/lib/gcc/x86_64-linux-gnu/12/:/usr/lib/gcc/x86_64-linux-gnu/12/../../../x86_64-linux-gnu/:/usr/lib/gcc/x86_64-linux-gnu/12/../../../../lib/:/lib/x86_64-linux-gnu/:/lib/../lib/:/usr/lib/x86_64-linux-gnu/:/usr/lib/../lib/:/usr/lib/gcc/x86_64-linux-gnu/12/../../../:/lib/:/usr/lib/]
  ignore line: [COLLECT_GCC_OPTIONS='-v' '-o' 'CMakeFiles/cmTC_dc23a.dir/CMakeCCompilerABI.c.o' '-c' '-mtune=generic' '-march=x86-64' '-dumpdir' 'CMakeFiles/cmTC_dc23a.dir/CMakeCCompilerABI.c.']
  ignore line: [Linking C executable cmTC_dc23a]
  ignore line: [/usr/bin/cmake -E cmake_link_script CMakeFiles/cmTC_dc23a.dir/link.txt --verbose=1]
  ignore line: [/usr/bin/cc  -v CMakeFiles/cmTC_dc23a.dir/CMakeCCompilerABI.c.o -o cmTC_dc23a ]
  ignore line: [Using built-in specs.]
  ignore line: [COLLECT_GCC=/usr/bin/cc]
  ignore line: [COLLECT_LTO_WRAPPER=/usr/lib/gcc/x86_64-linux-gnu/12/lto-wrapper]
  ignore line: [OFFLOAD_TARGET_NAMES=nvptx-none:amdgcn-amdhsa]
  ignore line: [OFFLOAD_TARGET_DEFAULT=1]
  ignore line: [Target: x86_64-linux-gnu]
  ignore line: [Configured with: ../src/configure -v --with-pkgversion='Debian 12.2.0-14+deb12u1' --with-bugurl=file:///usr/share/doc/gcc-12/README.Bugs --enable-languages=c ada c++ go d fortran objc obj-c++ m2 --prefix=/usr --with-gcc-major-version-only --program-suffix=-12 --program-prefix=x86_64-linux-gnu- --enable-shared --enable-linker-build-id --libexecdir=/usr/lib --without-included-gettext --enable-threads=posix --libdir=/usr/lib --enable-nls --enable-clocale=gnu --enable-libstdcxx-debug --enable-libstdcxx-time=yes --with-default-libstdcxx-abi=new --enable-gnu-unique-object --disable-vtable-verify --enable-plugin --enable-default-pie --with-system-zlib --enable-libphobos-checking=release --with-target-system-zlib=auto --enable-objc-gc=auto --enable-multiarch --disable-werror --enable-cet --with-arch-32=i686 --with-abi=m64 --with-multilib-list=m32 m64 mx32 --enable-multilib --with-tune=generic --enable-offload-targets=nvptx-none=/build/reproducible-path/gcc-12-12.2.0/debian/tmp-nvptx/usr amdgcn-amdhsa=/build/reproducible-path/gcc-12-12.2.0/debian/tmp-gcn/usr --enable-offload-defaulted --without-cuda-driver --enable-checking=release --build=x86_64-linux-gnu --host=x86_64-linux-gnu --target=x86_64-linux-gnu]
  ignore line: [Thread model: posix]
  ignore line: [Supported LTO compression algorithms: zlib zstd]
  ignore line: [gcc version 12.2.0 (Debian 12.2.0-14+deb12u1) ]
  ignore line: [COMPILER_PATH=/usr/lib/gcc/x86_64-linux-gnu/12/:/usr/lib/gcc/x86_64-linux-gnu/12/:/usr/lib/gcc/x86_64-linux-gnu/:/usr/lib/gcc/x86_64-linux-gnu/12/:/usr/lib/gcc/x86_64-linux-gnu/]
  ignore line: [LIBRARY_PATH=/usr/lib/gcc/x86_64-linux-gnu/12/:/usr/lib/gcc/x86_64-linux-gnu/12/../../../x86_64-linux-gnu/:/usr/lib/gcc/x86_64-linux-gnu/12/../../../../lib/:/lib/x86_64-linux-gnu/:/lib/../lib/:/usr/lib/x86_64-linux-gnu/:/usr/lib/../lib/:/usr/lib/gcc/x86_64-linux-gnu/12/../../../:/lib/:/usr/lib/]
  ignore line: [COLLECT_GCC_OPTIONS='-v' '-o' 'cmTC_dc23a' '-mtune=generic' '-march=x86-64' '-dumpdir' 'cmTC_dc23a.']
  link line: [ /usr/lib/gcc/x86_64-linux-gnu/12/collect2 -plugin /usr/lib/gcc/x86_64-linux-gnu/12/liblto_plugin.so -plugin-opt=/usr/lib/gcc/x86_64-linux-gnu/12/lto-wrapper -plugin-opt=-fresolution=/tmp/cc6Z8PDA.res -plugin-opt=-pass-through=-lgcc -plugin-opt=-pass-through=-lgcc_s -plugin-opt=-pass-through=-lc -plugin-opt=-pass-through=-lgcc -plugin-opt=-pass-through=-lgcc_s --build-id --eh-frame-hdr -m elf_x86_64 --hash-style=gnu --as-needed -dynamic-linker /lib64/ld-linux-x86-64.so.2 -pie -o cmTC_dc23a /usr/lib/gcc/x86_64-linux-gnu/12/../../../x86_64-linux-gnu/Scrt1.o /usr/lib/gcc/x86_64-linux-gnu/12/../../../x86_64-linux-gnu/crti.o /usr/lib/gcc/x86_64-linux-gnu/12/crtbeginS.o -L/usr/lib/gcc/x86_64-linux-gnu/12 -L/usr/lib/gcc/x86_64-linux-gnu/12/../../../x86_64-linux-gnu -L/usr/lib/gcc/x86_64-linux-gnu/12/../../../../lib -L/lib/x86_64-linux-gnu -L/lib/../lib -L/usr/lib/x86_64-linux-gnu -L/usr/lib/../lib -L/usr/lib/gcc/x86_64-linux-gnu/12/../../.. CMakeFiles/cmTC_dc23a.dir/CMakeCCompilerABI.c.o -lgcc --push-state --as-needed -lgcc_s --pop-state -lc -lgcc --push-state --as-needed -lgcc_s --pop-state /usr/lib/gcc/x86_64-linux-gnu/12/crtendS.o /usr/lib/gcc/x86_64-linux-gnu/12/../../../x86_64-linux-gnu/crtn.o]
    arg [/usr/lib/gcc/x86_64-linux-gnu/12/collect2] ==> ignore
    arg [-plugin] ==> ignore
    arg [/usr/lib/gcc/x86_64-linux-gnu/12/liblto_plugin.so] ==> ignore
    arg [-plugin-opt=/usr/lib/gcc/x86_64-linux-gnu/12/lto-wrapper] ==> ignore
    arg [-plugin-opt=-fresolution=/tmp/cc6Z8PDA.res] ==> ignore
    arg [-plugin-opt=-pass-through=-lgcc] ==> ignore
    arg [-plugin-opt=-pass-through=-lgcc_s] ==> ignore
    arg [-plugin-opt=-pass-through=-lc] ==> ignore
    arg [-plugin-opt=-pass-through=-lgcc] ==> ignore
    arg [-plugin-opt=-pass-through=-lgcc_s] ==> ignore
    arg [--build-id] ==> ignore
    arg [--eh-frame-hdr] ==> ignore
    arg [-m] ==> ignore
    arg [elf_x86_64] ==> ignore
    arg [--hash-style=gnu] ==> ignore
    arg [--as-needed] ==> ignore
    arg [-dynamic-linker] ==> ignore
    arg [/lib64/ld-linux-x86-64.so.2] ==> ignore
    arg [-pie] ==> ignore
    arg [-o] ==> ignore
    arg [cmTC_dc23a] ==> ignore
    arg [/usr/lib/gcc/x86_64-linux-gnu/12/../../../x86_64-linux-gnu/Scrt1.o] ==> obj [/usr/lib/gcc/x86_64-linux-gnu/12/../../../x86_64-linux-gnu/Scrt1.o]
    arg [/usr/lib/gcc/x86_64-linux-gnu/12/../../../x86_64-linux-gnu/crti.o] ==> obj [/usr/lib/gcc/x86_64-linux-gnu/12/../../../x86_64-linux-gnu/crti.o]
    arg [/usr/lib/gcc/x86_64-linux-gnu/12/crtbeginS.o] ==> obj [/usr/lib/gcc/x86_64-linux-gnu/12/crtbeginS.o]
    arg [-L/usr/lib/gcc/x86_64-linux-gnu/12] ==> dir [/usr/lib/gcc/x86_64-linux-gnu/12]
    arg [-L/usr/lib/gcc/x86_64-linux-gnu/12/../../../x86_64-linux-gnu] ==> dir [/usr/lib/gcc/x86_64-linux-gnu/12/../../../x86_64-linux-gnu]
    arg [-L/usr/lib/gcc/x86_64-linux-gnu/12/../../../../lib] ==> dir [/usr/lib/gcc/x86_64-linux-gnu/12/../../../../lib]
    arg [-L/lib/x86_64-linux-gnu] ==> dir [/lib/x86_64-linux-gnu]
    arg [-L/lib/../lib] ==> dir [/lib/../lib]
    arg [-L/usr/lib/x86_64-linux-gnu] ==> dir [/usr/lib/x86_64-linux-gnu]
    arg [-L/usr/lib/../lib] ==> dir [/usr/lib/../lib]
    arg [-L/usr/lib/gcc/x86_64-linux-gnu/12/../../..] ==> dir [/usr/lib/gcc/x86_64-linux-gnu/12/../../..]
    arg [CMakeFiles/cmTC_dc23a.dir/CMakeCCompilerABI.c.o] ==> ignore
    arg [-lgcc] ==> lib [gcc]
    arg [--push-state] ==> ignore
    arg [--as-needed] ==> ignore
    arg [-lgcc_s] ==> lib [gcc_s]
    arg [--pop-state] ==> ignore
    arg [-lc] ==> lib [c]
    arg [-lgcc] ==> lib [gcc]
    arg [--push-state] ==> ignore
    arg [--as-needed] ==> ignore
    arg [-lgcc_s] ==> lib [gcc_s]
    arg [--pop-state] ==> ignore
    arg [/usr/lib/gcc/x86_64-linux-gnu/12/crtendS.o] ==> obj [/usr/lib/gcc/x86_64-linux-gnu/12/crtendS.o]
    arg [/usr/lib/gcc/x86_64-linux-gnu/12/../../../x86_64-linux-gnu/crtn.o] ==> obj [/usr/lib/gcc/x86_64-linux-gnu/12/../../../x86_64-linux-gnu/crtn.o]
  collapse obj [/usr/lib/gcc/x86_64-linux-gnu/12/../../../x86_64-linux-gnu/Scrt1.o] ==> [/usr/lib/x86_64-linux-gnu/Scrt1.o]
  collapse obj [/usr/lib/gcc/x86_64-linux-gnu/12/../../../x86_64-linux-gnu/crti.o] ==> [/usr/lib/x86_64-linux-gnu/crti.o]
  collapse obj [/usr/lib/gcc/x86_64-linux-gnu/12/../../../x86_64-linux-gnu/crtn.o] ==> [/usr/lib/x86_64-linux-gnu/crtn.o]
  collapse library dir [/usr/lib/gcc/x86_64-linux-gnu/12] ==> [/usr/lib/gcc/x86_64-linux-gnu/12]
  collapse library dir [/usr/lib/gcc/x86_64-linux-gnu/12/../../../x86_64-linux-gnu] ==> [/usr/lib/x86_64-linux-gnu]
  collapse library dir [/usr/lib/gcc/x86_64-linux-gnu/12/../../../../lib] ==> [/usr/lib]
  collapse library dir [/lib/x86_64-linux-gnu] ==> [/lib/x86_64-linux-gnu]
  collapse library dir [/lib/../lib] ==> [/lib]
  collapse library dir [/usr/lib/x86_64-linux-gnu] ==> [/usr/lib/x86_64-linux-gnu]
  collapse library dir [/usr/lib/../lib] ==> [/usr/lib]
  collapse library dir [/usr/lib/gcc/x86_64-linux-gnu/12/../../..] ==> [/usr/lib]
  implicit libs: [gcc;gcc_s;c;gcc;gcc_s]
  implicit objs: [/usr/lib/x86_64-linux-gnu/Scrt1.o;/usr/lib/x86_64-linux-gnu/crti.o;/usr/lib/gcc/x86_64-linux-gnu/12/crtbeginS.o;/usr/lib/gcc/x86_64-linux-gnu/12/crtendS.o;/usr/lib/x86_64-linux-gnu/crtn.o]
  implicit dirs: [/usr/lib/gcc/x86_64-linux-gnu/12;/usr/lib/x86_64-linux-gnu;/usr/lib;/lib/x86_64-linux-gnu;/lib]
  implicit fwks: []


Detecting CXX compiler ABI info compiled with the following output:
Change Dir: /home/m4x/Documents/Work/UA/coast/COAST/build-laptop/CMakeFiles/CMakeScratch/TryCompile-CUdZ9l

Run Build Command(s):/usr/bin/gmake -f Makefile cmTC_56d82/fast && /usr/bin/gmake  -f CMakeFiles/cmTC_56d82.dir/build.make CMakeFiles/cmTC_56d82.dir/build
gmake[1]: Entering directory '/home/m4x/Documents/Work/UA/coast/COAST/build-laptop/CMakeFiles/CMakeScratch/TryCompile-CUdZ9l'
Building CXX object CMakeFiles/cmTC_56d82.dir/CMakeCXXCompilerABI.cpp.o
/usr/bin/c++   -v -o CMakeFiles/cmTC_56d82.dir/CMakeCXXCompilerABI.cpp.o -c /usr/share/cmake-3.25/Modules/CMakeCXXCompilerABI.cpp
Using built-in specs.
COLLECT_GCC=/usr/bin/c++
OFFLOAD_TARGET_NAMES=nvptx-none:amdgcn-amdhsa
OFFLOAD_TARGET_DEFAULT=1
Target: x86_64-linux-gnu
Configured with: ../src/configure -v --with-pkgversion='Debian 12.2.0-14+deb12u1' --with-bugurl=file:///usr/share/doc/gcc-12/README.Bugs --enable-languages=c,ada,c++,go,d,fortran,objc,obj-c++,m2 --prefix=/usr --with-gcc-major-version-only --program-suffix=-12 --program-prefix=x86_64-linux-gnu- --enable-shared --enable-linker-build-id --libexecdir=/usr/lib --without-included-gettext --enable-threads=posix --libdir=/usr/lib --enable-nls --enable-clocale=gnu --enable-libstdcxx-debug --enable-libstdcxx-time=yes --with-default-libstdcxx-abi=new --enable-gnu-unique-object --disable-vtable-verify --enable-plugin --enable-default-pie --with-system-zlib --enable-libphobos-checking=release --with-target-system-zlib=auto --enable-objc-gc=auto --enable-multiarch --disable-werror --enable-cet --with-arch-32=i686 --with-abi=m64 --with-multilib-list=m32,m64,mx32 --enable-multilib --with-tune=generic --enable-offload-targets=nvptx-none=/build/reproducible-path/gcc-12-12.2.0/debian/tmp-nvptx/usr,amdgcn-amdhsa=/build/reproducible-path/gcc-12-12.2.0/debian/tmp-gcn/usr --enable-offload-defaulted --without-cuda-driver --enable-checking=release --build=x86_64-linux-gnu --host=x86_64-linux-gnu --target=x86_64-linux-gnu
Thread model: posix
Supported LTO compression algorithms: zlib zstd
gcc version 12.2.0 (Debian 12.2.0-14+deb12u1) 
COLLECT_GCC_OPTIONS='-v' '-o' 'CMakeFiles/cmTC_56d82.dir/CMakeCXXCompilerABI.cpp.o' '-c' '-shared-libgcc' '-mtune=generic' '-march=x86-64' '-dumpdir' 'CMakeFiles/cmTC_56d82.dir/'
 /usr/lib/gcc/x86_64-linux-gnu/12/cc1plus -quiet -v -imultiarch x86_64-linux-gnu -D_GNU_SOURCE /usr/share/cmake-3.25/Modules/CMakeCXXCompilerABI.cpp -quiet -dumpdir CMakeFiles/cmTC_56d82.dir/ -dumpbase CMakeCXXCompilerABI.cpp.cpp -dumpbase-ext .cpp -mtune=generic -march=x86-64 -version -fasynchronous-unwind-tables -o /tmp/ccEWNE9z.s
GNU C++17 (Debian 12.2.0-14+deb12u1) version 12.2.0 (x86_64-linux-gnu)
	compiled by GNU C version 12.2.0, GMP version 6.2.1, MPFR version 4.2.0, MPC version 1.3.1, isl version isl-0.25-GMP

GGC heuristics: --param ggc-min-expand=100 --param ggc-min-heapsize=131072
ignoring duplicate directory "/usr/include/x86_64-linux-gnu/c++/12"
ignoring nonexistent directory "/usr/local/include/x86_64-linux-gnu"
ignoring nonexistent directory "/usr/lib/gcc/x86_64-linux-gnu/12/include-fixed"
ignoring nonexistent directory "/usr/lib/gcc/x86_64-linux-gnu/12/../../../../x86_64-linux-gnu/include"
#include "..." search starts here:
#include <...> search starts here:
 /usr/include/c++/12
 /usr/include/x86_64-linux-gnu/c++/12
 /usr/include/c++/12/backward
 /usr/lib/gcc/x86_64-linux-gnu/12/include
 /usr/local/include
 /usr/include/x86_64-linux-gnu
 /usr/include
End of search list.
GNU C++17 (Debian 12.2.0-14+deb12u1) version 12.2.0 (x86_64-linux-gnu)
	compiled by GNU C version 12.2.0, GMP version 6.2.1, MPFR version 4.2.0, MPC version 1.3.1, isl version isl-0.25-GMP

GGC heuristics: --param ggc-min-expand=100 --param ggc-min-heapsize=131072
Compiler executable checksum: 18a4c0b3348b838f5ec9d956298050ac
COLLECT_GCC_OPTIONS='-v' '-o' 'CMakeFiles/cmTC_56d82.dir/CMakeCXXCompilerABI.cpp.o' '-c' '-shared-libgcc' '-mtune=generic' '-march=x86-64' '-dumpdir' 'CMakeFiles/cmTC_56d82.dir/'
 as -v --64 -o CMakeFiles/cmTC_56d82.dir/CMakeCXXCompilerABI.cpp.o /tmp/ccEWNE9z.s
GNU assembler version 2.40 (x86_64-linux-gnu) using BFD version (GNU Binutils for Debian) 2.40
COMPILER_PATH=/usr/lib/gcc/x86_64-linux-gnu/12/:/usr/lib/gcc/x86_64-linux-gnu/12/:/usr/lib/gcc/x86_64-linux-gnu/:/usr/lib/gcc/x86_64-linux-gnu/12/:/usr/lib/gcc/x86_64-linux-gnu/
LIBRARY_PATH=/usr/lib/gcc/x86_64-linux-gnu/12/:/usr/lib/gcc/x86_64-linux-gnu/12/../../../x86_64-linux-gnu/:/usr/lib/gcc/x86_64-linux-gnu/12/../../../../lib/:/lib/x86_64-linux-gnu/:/lib/../lib/:/usr/lib/x86_64-linux-gnu/:/usr/lib/../lib/:/usr/lib/gcc/x86_64-linux-gnu/12/../../../:/lib/:/usr/lib/
COLLECT_GCC_OPTIONS='-v' '-o' 'CMakeFiles/cmTC_56d82.dir/CMakeCXXCompilerABI.cpp.o' '-c' '-shared-libgcc' '-mtune=generic' '-march=x86-64' '-dumpdir' 'CMakeFiles/cmTC_56d82.dir/CMakeCXXCompilerABI.cpp.'
Linking CXX executable cmTC_56d82
/usr/bin/cmake -E cmake_link_script CMakeFiles/cmTC_56d82.dir/link.txt --verbose=1
/usr/bin/c++  -v CMakeFiles/cmTC_56d82.dir/CMakeCXXCompilerABI.cpp.o -o cmTC_56d82 
Using built-in specs.
COLLECT_GCC=/usr/bin/c++
COLLECT_LTO_WRAPPER=/usr/lib/gcc/x86_64-linux-gnu/12/lto-wrapper
OFFLOAD_TARGET_NAMES=nvptx-none:amdgcn-amdhsa
OFFLOAD_TARGET_DEFAULT=1
Target: x86_64-linux-gnu
Configured with: ../src/configure -v --with-pkgversion='Debian 12.2.0-14+deb12u1' --with-bugurl=file:///usr/share/doc/gcc-12/README.Bugs --enable-languages=c,ada,c++,go,d,fortran,objc,obj-c++,m2 --prefix=/usr --with-gcc-major-version-only --program-suffix=-12 --program-prefix=x86_64-linux-gnu- --enable-shared --enable-linker-build-id --libexecdir=/usr/lib --without-included-gettext --enable-threads=posix --libdir=/usr/lib --enable-nls --enable-clocale=gnu --enable-libstdcxx-debug --enable-libstdcxx-time=yes --with-default-libstdcxx-abi=new --enable-gnu-unique-object --disable-vtable-verify --enable-plugin --enable-default-pie --with-system-zlib --enable-libphobos-checking=release --with-target-system-zlib=auto --enable-objc-gc=auto --enable-multiarch --disable-werror --enable-cet --with-arch-32=i686 --with-abi=m64 --with-multilib-list=m32,m64,mx32 --enable-multilib --with-tune=generic --enable-offload-targets=nvptx-none=/build/reproducible-path/gcc-12-12.2.0/debian/tmp-nvptx/usr,amdgcn-amdhsa=/build/reproducible-path/gcc-12-12.2.0/debian/tmp-gcn/usr --enable-offload-defaulted --without-cuda-driver --enable-checking=release --build=x86_64-linux-gnu --host=x86_64-linux-gnu --target=x86_64-linux-gnu
Thread model: posix
Supported LTO compression algorithms: zlib zstd
gcc version 12.2.0 (Debian 12.2.0-14+deb12u1) 
COMPILER_PATH=/usr/lib/gcc/x86_64-linux-gnu/12/:/usr/lib/gcc/x86_64-linux-gnu/12/:/usr/lib/gcc/x86_64-linux-gnu/:/usr/lib/gcc/x86_64-linux-gnu/12/:/usr/lib/gcc/x86_64-linux-gnu/
LIBRARY_PATH=/usr/lib/gcc/x86_64-linux-gnu/12/:/usr/lib/gcc/x86_64-linux-gnu/12/../../../x86_64-linux-gnu/:/usr/lib/gcc/x86_64-linux-gnu/12/../../../../lib/:/lib/x86_64-linux-gnu/:/lib/../lib/:/usr/lib/x86_64-linux-gnu/:/usr/lib/../lib/:/usr/lib/gcc/x86_64-linux-gnu/12/../../../:/lib/:/usr/lib/
COLLECT_GCC_OPTIONS='-v' '-o' 'cmTC_56d82' '-shared-libgcc' '-mtune=generic' '-march=x86-64' '-dumpdir' 'cmTC_56d82.'
 /usr/lib/gcc/x86_64-linux-gnu/12/collect2 -plugin /usr/lib/gcc/x86_64-linux-gnu/12/liblto_plugin.so -plugin-opt=/usr/lib/gcc/x86_64-linux-gnu/12/lto-wrapper -plugin-opt=-fresolution=/tmp/ccmt3oGN.res -plugin-opt=-pass-through=-lgcc_s -plugin-opt=-pass-through=-lgcc -plugin-opt=-pass-through=-lc -plugin-opt=-pass-through=-lgcc_s -plugin-opt=-pass-through=-lgcc --build-id --eh-frame-hdr -m elf_x86_64 --hash-style=gnu --as-needed -dynamic-linker /lib64/ld-linux-x86-64.so.2 -pie -o cmTC_56d82 /usr/lib/gcc/x86_64-linux-gnu/12/../../../x86_64-linux-gnu/Scrt1.o /usr/lib/gcc/x86_64-linux-gnu/12/../../../x86_64-linux-gnu/crti.o /usr/lib/gcc/x86_64-linux-gnu/12/crtbeginS.o -L/usr/lib/gcc/x86_64-linux-gnu/12 -L/usr/lib/gcc/x86_64-linux-gnu/12/../../../x86_64-linux-gnu -L/usr/lib/gcc/x86_64-linux-gnu/12/../../../../lib -L/lib/x86_64-linux-gnu -L/lib/../lib -L/usr/lib/x86_64-linux-gnu -L/usr/lib/../lib -L/usr/lib/gcc/x86_64-linux-gnu/12/../../.. CMakeFiles/cmTC_56d82.dir/CMakeCXXCompilerABI.cpp.o -lstdc++ -lm -lgcc_s -lgcc -lc -lgcc_s -lgcc /usr/lib/gcc/x86_64-linux-gnu/12/crtendS.o /usr/lib/gcc/x86_64-linux-gnu/12/../../../x86_64-linux-gnu/crtn.o
COLLECT_GCC_OPTIONS='-v' '-o' 'cmTC_56d82' '-shared-libgcc' '-mtune=generic' '-march=x86-64' '-dumpdir' 'cmTC_56d82.'
gmake[1]: Leaving directory '/home/m4x/Documents/Work/UA/coast/COAST/build-laptop/CMakeFiles/CMakeScratch/TryCompile-CUdZ9l'



Parsed CXX implicit include dir info from above output: rv=done
  found start of include info
  found start of implicit include info
    add: [/usr/include/c++/12]
    add: [/usr/include/x86_64-linux-gnu/c++/12]
    add: [/usr/include/c++/12/backward]
    add: [/usr/lib/gcc/x86_64-linux-gnu/12/include]
    add: [/usr/local/include]
    add: [/usr/include/x86_64-linux-gnu]
    add: [/usr/include]
  end of search list found
  collapse include dir [/usr/include/c++/12] ==> [/usr/include/c++/12]
  collapse include dir [/usr/include/x86_64-linux-gnu/c++/12] ==> [/usr/include/x86_64-linux-gnu/c++/12]
  collapse include dir [/usr/include/c++/12/backward] ==> [/usr/include/c++/12/backward]
  collapse include dir [/usr/lib/gcc/x86_64-linux-gnu/12/include] ==> [/usr/lib/gcc/x86_64-linux-gnu/12/include]
  collapse include dir [/usr/local/include] ==> [/usr/local/include]
  collapse include dir [/usr/include/x86_64-linux-gnu] ==> [/usr/include/x86_64-linux-gnu]
  collapse include dir [/usr/include] ==> [/usr/include]
  implicit include dirs: [/usr/include/c++/12;/usr/include/x86_64-linux-gnu/c++/12;/usr/include/c++/12/backward;/usr/lib/gcc/x86_64-linux-gnu/12/include;/usr/local/include;/usr/include/x86_64-linux-gnu;/usr/include]


Parsed CXX implicit link information from above output:
  link line regex: [^( *|.*[/\])(ld|CMAKE_LINK_STARTFILE-NOTFOUND|([^/\]+-)?ld|collect2)[^/\]*( |$)]
  ignore line: [Change Dir: /home/m4x/Documents/Work/UA/coast/COAST/build-laptop/CMakeFiles/CMakeScratch/TryCompile-CUdZ9l]
  ignore line: []
  ignore line: [Run Build Command(s):/usr/bin/gmake -f Makefile cmTC_56d82/fast && /usr/bin/gmake  -f CMakeFiles/cmTC_56d82.dir/build.make CMakeFiles/cmTC_56d82.dir/build]
  ignore line: [gmake[1]: Entering directory '/home/m4x/Documents/Work/UA/coast/COAST/build-laptop/CMakeFiles/CMakeScratch/TryCompile-CUdZ9l']
  ignore line: [Building CXX object CMakeFiles/cmTC_56d82.dir/CMakeCXXCompilerABI.cpp.o]
  ignore line: [/usr/bin/c++   -v -o CMakeFiles/cmTC_56d82.dir/CMakeCXXCompilerABI.cpp.o -c /usr/share/cmake-3.25/Modules/CMakeCXXCompilerABI.cpp]
  ignore line: [Using built-in specs.]
  ignore line: [COLLECT_GCC=/usr/bin/c++]
  ignore line: [OFFLOAD_TARGET_NAMES=nvptx-none:amdgcn-amdhsa]
  ignore line: [OFFLOAD_TARGET_DEFAULT=1]
  ignore line: [Target: x86_64-linux-gnu]
  ignore line: [Configured with: ../src/configure -v --with-pkgversion='Debian 12.2.0-14+deb12u1' --with-bugurl=file:///usr/share/doc/gcc-12/README.Bugs --enable-languages=c ada c++ go d fortran objc obj-c++ m2 --prefix=/usr --with-gcc-major-version-only --program-suffix=-12 --program-prefix=x86_64-linux-gnu- --enable-shared --enable-linker-build-id --libexecdir=/usr/lib --without-included-gettext --enable-threads=posix --libdir=/usr/lib --enable-nls --enable-clocale=gnu --enable-libstdcxx-debug --enable-libstdcxx-time=yes --with-default-libstdcxx-abi=new --enable-gnu-unique-object --disable-vtable-verify --enable-plugin --enable-default-pie --with-system-zlib --enable-libphobos-checking=release --with-target-system-zlib=auto --enable-objc-gc=auto --enable-multiarch --disable-werror --enable-cet --with-arch-32=i686 --with-abi=m64 --with-multilib-list=m32 m64 mx32 --enable-multilib --with-tune=generic --enable-offload-targets=nvptx-none=/build/reproducible-path/gcc-12-12.2.0/debian/tmp-nvptx/usr amdgcn-amdhsa=/build/reproducible-path/gcc-12-12.2.0/debian/tmp-gcn/usr --enable-offload-defaulted --without-cuda-driver --enable-checking=release --build=x86_64-linux-gnu --host=x86_64-linux-gnu --target=x86_64-linux-gnu]
  ignore line: [Thread model: posix]
  ignore line: [Supported LTO compression algorithms: zlib zstd]
  ignore line: [gcc version 12.2.0 (Debian 12.2.0-14+deb12u1) ]
  ignore line: [COLLECT_GCC_OPTIONS='-v' '-o' 'CMakeFiles/cmTC_56d82.dir/CMakeCXXCompilerABI.cpp.o' '-c' '-shared-libgcc' '-mtune=generic' '-march=x86-64' '-dumpdir' 'CMakeFiles/cmTC_56d82.dir/']
  ignore line: [ /usr/lib/gcc/x86_64-linux-gnu/12/cc1plus -quiet -v -imultiarch x86_64-linux-gnu -D_GNU_SOURCE /usr/share/cmake-3.25/Modules/CMakeCXXCompilerABI.cpp -quiet -dumpdir CMakeFiles/cmTC_56d82.dir/ -dumpbase CMakeCXXCompilerABI.cpp.cpp -dumpbase-ext .cpp -mtune=generic -march=x86-64 -version -fasynchronous-unwind-tables -o /tmp/ccEWNE9z.s]
  ignore line: [GNU C++17 (Debian 12.2.0-14+deb12u1) version 12.2.0 (x86_64-linux-gnu)]
  ignore line: [	compiled by GNU C version 12.2.0  GMP version 6.2.1  MPFR version 4.2.0  MPC version 1.3.1  isl version isl-0.25-GMP]
  ignore line: []
  ignore line: [GGC heuristics: --param ggc-min-expand=100 --param ggc-min-heapsize=131072]
  ignore line: [ignoring duplicate directory "/usr/include/x86_64-linux-gnu/c++/12"]
  ignore line: [ignoring nonexistent directory "/usr/local/include/x86_64-linux-gnu"]
  ignore line: [ignoring nonexistent directory "/usr/lib/gcc/x86_64-linux-gnu/12/include-fixed"]
  ignore line: [ignoring nonexistent directory "/usr/lib/gcc/x86_64-linux-gnu/12/../../../../x86_64-linux-gnu/include"]
  ignore line: [#include "..." search starts here:]
  ignore line: [#include <...> search starts here:]
  ignore line: [ /usr/include/c++/12]
  ignore line: [ /usr/include/x86_64-linux-gnu/c++/12]
  ignore line: [ /usr/include/c++/12/backward]
  ignore line: [ /usr/lib/gcc/x86_64-linux-gnu/12/include]
  ignore line: [ /usr/local/include]
  ignore line: [ /usr/include/x86_64-linux-gnu]
  ignore line: [ /usr/include]
  ignore line: [End of search list.]
  ignore line: [GNU C++17 (Debian 12.2.0-14+deb12u1) version 12.2.0 (x86_64-linux-gnu)]
  ignore line: [	compiled by GNU C version 12.2.0  GMP version 6.2.1  MPFR version 4.2.0  MPC version 1.3.1  isl version isl-0.25-GMP]
  ignore line: []
  ignore line: [GGC heuristics: --param ggc-min-expand=100 --param ggc-min-heapsize=131072]
  ignore line: [Compiler executable checksum: 18a4c0b3348b838f5ec9d956298050ac]
  ignore line: [COLLECT_GCC_OPTIONS='-v' '-o' 'CMakeFiles/cmTC_56d82.dir/CMakeCXXCompilerABI.cpp.o' '-c' '-shared-libgcc' '-mtune=generic' '-march=x86-64' '-dumpdir' 'CMakeFiles/cmTC_56d82.dir/']
  ignore line: [ as -v --64 -o CMakeFiles/cmTC_56d82.dir/CMakeCXXCompilerABI.cpp.o /tmp/ccEWNE9z.s]
  ignore line: [GNU assembler version 2.40 (x86_64-linux-gnu) using BFD version (GNU Binutils for Debian) 2.40]
  ignore line: [COMPILER_PATH=/usr/lib/gcc/x86_64-linux-gnu/12/:/usr/lib/gcc/x86_64-linux-gnu/12/:/usr/lib/gcc/x86_64-linux-gnu/:/usr/lib/gcc/x86_64-linux-gnu/12/:/usr/lib/gcc/x86_64-linux-gnu/]
  ignore line: [LIBRARY_PATH=/usr/lib/gcc/x86_64-linux-gnu/12/:/usr/lib/gcc/x86_64-linux-gnu/12/../../../x86_64-linux-gnu/:/usr/lib/gcc/x86_64-linux-gnu/12/../../../../lib/:/lib/x86_64-linux-gnu/:/lib/../lib/:/usr/lib/x86_64-linux-gnu/:/usr/lib/../lib/:/usr/lib/gcc/x86_64-linux-gnu/12/../../../:/lib/:/usr/lib/]
  ignore line: [COLLECT_GCC_OPTIONS='-v' '-o' 'CMakeFiles/cmTC_56d82.dir/CMakeCXXCompilerABI.cpp.o' '-c' '-shared-libgcc' '-mtune=generic' '-march=x86-64' '-dumpdir' 'CMakeFiles/cmTC_56d82.dir/CMakeCXXCompilerABI.cpp.']
  ignore line: [Linking CXX executable cmTC_56d82]
  ignore line: [/usr/bin/cmake -E cmake_link_script CMakeFiles/cmTC_56d82.dir/link.txt --verbose=1]
  ignore line: [/usr/bin/c++  -v CMakeFiles/cmTC_56d82.dir/CMakeCXXCompilerABI.cpp.o -o cmTC_56d82 ]
  ignore line: [Using built-in specs.]
  ignore line: [COLLECT_GCC=/usr/bin/c++]
  ignore line: [COLLECT_LTO_WRAPPER=/usr/lib/gcc/x86_64-linux-gnu/12/lto-wrapper]
  ignore line: [OFFLOAD_TARGET_NAMES=nvptx-none:amdgcn-amdhsa]
  ignore line: [OFFLOAD_TARGET_DEFAULT=1]
  ignore line: [Target: x86_64-linux-gnu]
  ignore line: [Configured with: ../src/configure -v --with-pkgversion='Debian 12.2.0-14+deb12u1' --with-bugurl=file:///usr/share/doc/gcc-12/README.Bugs --enable-languages=c ada c++ go d fortran objc obj-c++ m2 --prefix=/usr --with-gcc-major-version-only --program-suffix=-12 --program-prefix=x86_64-linux-gnu- --enable-shared --enable-linker-build-id --libexecdir=/usr/lib --without-included-gettext --enable-threads=posix --libdir=/usr/lib --enable-nls --enable-clocale=gnu --enable-libstdcxx-debug --enable-libstdcxx-time=yes --with-default-libstdcxx-abi=new --enable-gnu-unique-object --disable-vtable-verify --enable-plugin --enable-default-pie --with-system-zlib --enable-libphobos-checking=release --with-target-system-zlib=auto --enable-objc-gc=auto --enable-multiarch --disable-werror --enable-cet --with-arch-32=i686 --with-abi=m64 --with-multilib-list=m32 m64 mx32 --enable-multilib --with-tune=generic --enable-offload-targets=nvptx-none=/build/reproducible-path/gcc-12-12.2.0/debian/tmp-nvptx/usr amdgcn-amdhsa=/build/reproducible-path/gcc-12-12.2.0/debian/tmp-gcn/usr --enable-offload-defaulted --without-cuda-driver --enable-checking=release --build=x86_64-linux-gnu --host=x86_64-linux-gnu --target=x86_64-linux-gnu]
  ignore line: [Thread model: posix]
  ignore line: [Supported LTO compression algorithms: zlib zstd]
  ignore line: [gcc version 12.2.0 (Debian 12.2.0-14+deb12u1) ]
  ignore line: [COMPILER_PATH=/usr/lib/gcc/x86_64-linux-gnu/12/:/usr/lib/gcc/x86_64-linux-gnu/12/:/usr/lib/gcc/x86_64-linux-gnu/:/usr/lib/gcc/x86_64-linux-gnu/12/:/usr/lib/gcc/x86_64-linux-gnu/]
  ignore line: [LIBRARY_PATH=/usr/lib/gcc/x86_64-linux-gnu/12/:/usr/lib/gcc/x86_64-linux-gnu/12/../../../x86_64-linux-gnu/:/usr/lib/gcc/x86_64-linux-gnu/12/../../../../lib/:/lib/x86_64-linux-gnu/:/lib/../lib/:/usr/lib/x86_64-linux-gnu/:/usr/lib/../lib/:/usr/lib/gcc/x86_64-linux-gnu/12/../../../:/lib/:/usr/lib/]
  ignore line: [COLLECT_GCC_OPTIONS='-v' '-o' 'cmTC_56d82' '-shared-libgcc' '-mtune=generic' '-march=x86-64' '-dumpdir' 'cmTC_56d82.']
  link line: [ /usr/lib/gcc/x86_64-linux-gnu/12/collect2 -plugin /usr/lib/gcc/x86_64-linux-gnu/12/liblto_plugin.so -plugin-opt=/usr/lib/gcc/x86_64-linux-gnu/12/lto-wrapper -plugin-opt=-fresolution=/tmp/ccmt3oGN.res -plugin-opt=-pass-through=-lgcc_s -plugin-opt=-pass-through=-lgcc -plugin-opt=-pass-through=-lc -plugin-opt=-pass-through=-lgcc_s -plugin-opt=-pass-through=-lgcc --build-id --eh-frame-hdr -m elf_x86_64 --hash-style=gnu --as-needed -dynamic-linker /lib64/ld-linux-x86-64.so.2 -pie -o cmTC_56d82 /usr/lib/gcc/x86_64-linux-gnu/12/../../../x86_64-linux-gnu/Scrt1.o /usr/lib/gcc/x86_64-linux-gnu/12/../../../x86_64-linux-gnu/crti.o /usr/lib/gcc/x86_64-linux-gnu/12/crtbeginS.o -L/usr/lib/gcc/x86_64-linux-gnu/12 -L/usr/lib/gcc/x86_64-linux-gnu/12/../../../x86_64-linux-gnu -L/usr/lib/gcc/x86_64-linux-gnu/12/../../../../lib -L/lib/x86_64-linux-gnu -L/lib/../lib -L/usr/lib/x86_64-linux-gnu -L/usr/lib/../lib -L/usr/lib/gcc/x86_64-linux-gnu/12/../../.. CMakeFiles/cmTC_56d82.dir/CMakeCXXCompilerABI.cpp.o -lstdc++ -lm -lgcc_s -lgcc -lc -lgcc_s -lgcc /usr/lib/gcc/x86_64-linux-gnu/12/crtendS.o /usr/lib/gcc/x86_64-linux-gnu/12/../../../x86_64-linux-gnu/crtn.o]
    arg [/usr/lib/gcc/x86_64-linux-gnu/12/collect2] ==> ignore
    arg [-plugin] ==> ignore
    arg [/usr/lib/gcc/x86_64-linux-gnu/12/liblto_plugin.so] ==> ignore
    arg [-plugin-opt=/usr/lib/gcc/x86_64-linux-gnu/12/lto-wrapper] ==> ignore
    arg [-plugin-opt=-fresolution=/tmp/ccmt3oGN.res] ==> ignore
    arg [-plugin-opt=-pass-through=-lgcc_s] ==> ignore
    arg [-plugin-opt=-pass-through=-lgcc] ==> ignore
    arg [-plugin-opt=-pass-through=-lc] ==> ignore
    arg [-plugin-opt=-pass-through=-lgcc_s] ==> ignore
    arg [-plugin-opt=-pass-through=-lgcc] ==> ignore
    arg [--build-id] ==> ignore
    arg [--eh-frame-hdr] ==> ignore
    arg [-m] ==> ignore
    arg [elf_x86_64] ==> ignore
    arg [--hash-style=gnu] ==> ignore
    arg [--as-needed] ==> ignore
    arg [-dynamic-linker] ==> ignore
    arg [/lib64/ld-linux-x86-64.so.2] ==> ignore
    arg [-pie] ==> ignore
    arg [-o] ==> ignore
    arg [cmTC_56d82] ==> ignore
    arg [/usr/lib/gcc/x86_64-linux-gnu/12/../../../x86_64-linux-gnu/Scrt1.o] ==> obj [/usr/lib/gcc/x86_64-linux-gnu/12/../../../x86_64-linux-gnu/Scrt1.o]
    arg [/usr/lib/gcc/x86_64-linux-gnu/12/../../../x86_64-linux-gnu/crti.o] ==> obj [/usr/lib/gcc/x86_64-linux-gnu/12/../../../x86_64-linux-gnu/crti.o]
    arg [/usr/lib/gcc/x86_64-linux-gnu/12/crtbeginS.o] ==> obj [/usr/lib/gcc/x86_64-linux-gnu/12/crtbeginS.o]
    arg [-L/usr/lib/gcc/x86_64-linux-gnu/12] ==> dir [/usr/lib/gcc/x86_64-linux-gnu/12]
    arg [-L/usr/lib/gcc/x86_64-linux-gnu/12/../../../x86_64-linux-gnu] ==> dir [/usr/lib/gcc/x86_64-linux-gnu/12/../../../x86_64-linux-gnu]
    arg [-L/usr/lib/gcc/x86_64-linux-gnu/12/../../../../lib] ==> dir [/usr/lib/gcc/x86_64-linux-gnu/12/../../../../lib]
    arg [-L/lib/x86_64-linux-gnu] ==> dir [/lib/x86_64-linux-gnu]
    arg [-L/lib/../lib] ==> dir [/lib/../lib]
    arg [-L/usr/lib/x86_64-linux-gnu] ==> dir [/usr/lib/x86_64-linux-gnu]
    arg [-L/usr/lib/../lib] ==> dir [/usr/lib/../lib]
    arg [-L/usr/lib/gcc/x86_64-linux-gnu/12/../../..] ==> dir [/usr/lib/gcc/x86_64-linux-gnu/12/../../..]
    arg [CMakeFiles/cmTC_56d82.dir/CMakeCXXCompilerABI.cpp.o] ==> ignore
    arg [-lstdc++] ==> lib [stdc++]
    arg [-lm] ==> lib [m]
    arg [-lgcc_s] ==> lib [gcc_s]
    arg [-lgcc] ==> lib [gcc]
    arg [-lc] ==> lib [c]
    arg [-lgcc_s] ==> lib [gcc_s]
    arg [-lgcc] ==> lib [gcc]
    arg [/usr/lib/gcc/x86_64-linux-gnu/12/crtendS.o] ==> obj [/usr/lib/gcc/x86_64-linux-gnu/12/crtendS.o]
    arg [/usr/lib/gcc/x86_64-linux-gnu/12/../../../x86_64-linux-gnu/crtn.o] ==> obj [/usr/lib/gcc/x86_64-linux-gnu/12/../../../x86_64-linux-gnu/crtn.o]
  collapse obj [/usr/lib/gcc/x86_64-linux-gnu/12/../../../x86_64-linux-gnu/Scrt1.o] ==> [/usr/lib/x86_64-linux-gnu/Scrt1.o]
  collapse obj [/usr/lib/gcc/x86_64-linux-gnu/12/../../../x86_64-linux-gnu/crti.o] ==> [/usr/lib/x86_64-linux-gnu/crti.o]
  collapse obj [/usr/lib/gcc/x86_64-linux-gnu/12/../../../x86_64-linux-gnu/crtn.o] ==> [/usr/lib/x86_64-linux-gnu/crtn.o]
  collapse library dir [/usr/lib/gcc/x86_64-linux-gnu/12] ==> [/usr/lib/gcc/x86_64-linux-gnu/12]
  collapse library dir [/usr/lib/gcc/x86_64-linux-gnu/12/../../../x86_64-linux-gnu] ==> [/usr/lib/x86_64-linux-gnu]
  collapse library dir [/usr/lib/gcc/x86_64-linux-gnu/12/../../../../lib] ==> [/usr/lib]
  collapse library dir [/lib/x86_64-linux-gnu] ==> [/lib/x86_64-linux-gnu]
  collapse library dir [/lib/../lib] ==> [/lib]
  collapse library dir [/usr/lib/x86_64-linux-gnu] ==> [/usr/lib/x86_64-linux-gnu]
  collapse library dir [/usr/lib/../lib] ==> [/usr/lib]
  collapse library dir [/usr/lib/gcc/x86_64-linux-gnu/12/../../..] ==> [/usr/lib]
  implicit libs: [stdc++;m;gcc_s;gcc;c;gcc_s;gcc]
  implicit objs: [/usr/lib/x86_64-linux-gnu/Scrt1.o;/usr/lib/x86_64-linux-gnu/crti.o;/usr/lib/gcc/x86_64-linux-gnu/12/crtbeginS.o;/usr/lib/gcc/x86_64-linux-gnu/12/crtendS.o;/usr/lib/x86_64-linux-gnu/crtn.o]
  implicit dirs: [/usr/lib/gcc/x86_64-linux-gnu/12;/usr/lib/x86_64-linux-gnu;/usr/lib;/lib/x86_64-linux-gnu;/lib]
  implicit fwks: []


Performing C SOURCE FILE Test HAVE_FFI_CALL succeeded with the following output:
Change Dir: /home/m4x/Documents/Work/UA/coast/COAST/build-laptop/CMakeFiles/CMakeScratch/TryCompile-4IGkDr

Run Build Command(s):/usr/bin/gmake -f Makefile cmTC_71e1c/fast && /usr/bin/gmake  -f CMakeFiles/cmTC_71e1c.dir/build.make CMakeFiles/cmTC_71e1c.dir/build
gmake[1]: Entering directory '/home/m4x/Documents/Work/UA/coast/COAST/build-laptop/CMakeFiles/CMakeScratch/TryCompile-4IGkDr'
Building C object CMakeFiles/cmTC_71e1c.dir/src.c.o
/usr/bin/cc -DHAVE_FFI_CALL   -o CMakeFiles/cmTC_71e1c.dir/src.c.o -c /home/m4x/Documents/Work/UA/coast/COAST/build-laptop/CMakeFiles/CMakeScratch/TryCompile-4IGkDr/src.c
Linking C executable cmTC_71e1c
/usr/bin/cmake -E cmake_link_script CMakeFiles/cmTC_71e1c.dir/link.txt --verbose=1
/usr/bin/cc CMakeFiles/cmTC_71e1c.dir/src.c.o -o cmTC_71e1c  /usr/lib/x86_64-linux-gnu/libffi.so 
gmake[1]: Leaving directory '/home/m4x/Documents/Work/UA/coast/COAST/build-laptop/CMakeFiles/CMakeScratch/TryCompile-4IGkDr'


Source file was:

    struct ffi_cif;
    typedef struct ffi_cif ffi_cif;
    void ffi_call(ffi_cif *cif, void (*fn)(void), void *rvalue, void **avalue);
    int main(void) { ffi_call(0, 0, 0, 0); }

Performing C SOURCE FILE Test Terminfo_LINKABLE succeeded with the following output:
Change Dir: /home/m4x/Documents/Work/UA/coast/COAST/build-laptop/CMakeFiles/CMakeScratch/TryCompile-dexXXz

Run Build Command(s):/usr/bin/gmake -f Makefile cmTC_f6f50/fast && /usr/bin/gmake  -f CMakeFiles/cmTC_f6f50.dir/build.make CMakeFiles/cmTC_f6f50.dir/build
gmake[1]: Entering directory '/home/m4x/Documents/Work/UA/coast/COAST/build-laptop/CMakeFiles/CMakeScratch/TryCompile-dexXXz'
Building C object CMakeFiles/cmTC_f6f50.dir/src.c.o
/usr/bin/cc -DTerminfo_LINKABLE   -o CMakeFiles/cmTC_f6f50.dir/src.c.o -c /home/m4x/Documents/Work/UA/coast/COAST/build-laptop/CMakeFiles/CMakeScratch/TryCompile-dexXXz/src.c
Linking C executable cmTC_f6f50
/usr/bin/cmake -E cmake_link_script CMakeFiles/cmTC_f6f50.dir/link.txt --verbose=1
/usr/bin/cc CMakeFiles/cmTC_f6f50.dir/src.c.o -o cmTC_f6f50  /usr/lib/x86_64-linux-gnu/libtinfo.so 
gmake[1]: Leaving directory '/home/m4x/Documents/Work/UA/coast/COAST/build-laptop/CMakeFiles/CMakeScratch/TryCompile-dexXXz'


Source file was:

    int setupterm(char *term, int filedes, int *errret);
    int main(void) { return setupterm(0, 0, 0); }

Performing C SOURCE FILE Test C_SUPPORTS_FPIC succeeded with the following output:
Change Dir: /home/m4x/Documents/Work/UA/coast/COAST/build-laptop/CMakeFiles/CMakeScratch/TryCompile-bes2KT

Run Build Command(s):/usr/bin/gmake -f Makefile cmTC_9952f/fast && /usr/bin/gmake  -f CMakeFiles/cmTC_9952f.dir/build.make CMakeFiles/cmTC_9952f.dir/build
gmake[1]: Entering directory '/home/m4x/Documents/Work/UA/coast/COAST/build-laptop/CMakeFiles/CMakeScratch/TryCompile-bes2KT'
Building C object CMakeFiles/cmTC_9952f.dir/src.c.o
/usr/bin/cc -DC_SUPPORTS_FPIC  -Werror -fPIC -o CMakeFiles/cmTC_9952f.dir/src.c.o -c /home/m4x/Documents/Work/UA/coast/COAST/build-laptop/CMakeFiles/CMakeScratch/TryCompile-bes2KT/src.c
Linking C executable cmTC_9952f
/usr/bin/cmake -E cmake_link_script CMakeFiles/cmTC_9952f.dir/link.txt --verbose=1
/usr/bin/cc CMakeFiles/cmTC_9952f.dir/src.c.o -o cmTC_9952f 
gmake[1]: Leaving directory '/home/m4x/Documents/Work/UA/coast/COAST/build-laptop/CMakeFiles/CMakeScratch/TryCompile-bes2KT'


Source file was:
int main(void) { return 0; }

Performing C++ SOURCE FILE Test CXX_SUPPORTS_FPIC succeeded with the following output:
Change Dir: /home/m4x/Documents/Work/UA/coast/COAST/build-laptop/CMakeFiles/CMakeScratch/TryCompile-DhTXU7

Run Build Command(s):/usr/bin/gmake -f Makefile cmTC_e3e86/fast && /usr/bin/gmake  -f CMakeFiles/cmTC_e3e86.dir/build.make CMakeFiles/cmTC_e3e86.dir/build
gmake[1]: Entering directory '/home/m4x/Documents/Work/UA/coast/COAST/build-laptop/CMakeFiles/CMakeScratch/TryCompile-DhTXU7'
Building CXX object CMakeFiles/cmTC_e3e86.dir/src.cxx.o
/usr/bin/c++ -DCXX_SUPPORTS_FPIC  -Werror -fPIC -o CMakeFiles/cmTC_e3e86.dir/src.cxx.o -c /home/m4x/Documents/Work/UA/coast/COAST/build-laptop/CMakeFiles/CMakeScratch/TryCompile-DhTXU7/src.cxx
Linking CXX executable cmTC_e3e86
/usr/bin/cmake -E cmake_link_script CMakeFiles/cmTC_e3e86.dir/link.txt --verbose=1
/usr/bin/c++ CMakeFiles/cmTC_e3e86.dir/src.cxx.o -o cmTC_e3e86 
gmake[1]: Leaving directory '/home/m4x/Documents/Work/UA/coast/COAST/build-laptop/CMakeFiles/CMakeScratch/TryCompile-DhTXU7'


Source file was:
int main() { return 0; }

Performing C SOURCE FILE Test C_SUPPORTS_FNO_SEMANTIC_INTERPOSITION succeeded with the following output:
Change Dir: /home/m4x/Documents/Work/UA/coast/COAST/build-laptop/CMakeFiles/CMakeScratch/TryCompile-dLXkvo

Run Build Command(s):/usr/bin/gmake -f Makefile cmTC_9cd1f/fast && /usr/bin/gmake  -f CMakeFiles/cmTC_9cd1f.dir/build.make CMakeFiles/cmTC_9cd1f.dir/build
gmake[1]: Entering directory '/home/m4x/Documents/Work/UA/coast/COAST/build-laptop/CMakeFiles/CMakeScratch/TryCompile-dLXkvo'
Building C object CMakeFiles/cmTC_9cd1f.dir/src.c.o
/usr/bin/cc -DC_SUPPORTS_FNO_SEMANTIC_INTERPOSITION  -fPIC    -Werror -fno-semantic-interposition -o CMakeFiles/cmTC_9cd1f.dir/src.c.o -c /home/m4x/Documents/Work/UA/coast/COAST/build-laptop/CMakeFiles/CMakeScratch/TryCompile-dLXkvo/src.c
Linking C executable cmTC_9cd1f
/usr/bin/cmake -E cmake_link_script CMakeFiles/cmTC_9cd1f.dir/link.txt --verbose=1
/usr/bin/cc  -fPIC  CMakeFiles/cmTC_9cd1f.dir/src.c.o -o cmTC_9cd1f 
gmake[1]: Leaving directory '/home/m4x/Documents/Work/UA/coast/COAST/build-laptop/CMakeFiles/CMakeScratch/TryCompile-dLXkvo'


Source file was:
int main(void) { return 0; }

Performing C++ SOURCE FILE Test CXX_SUPPORTS_FNO_SEMANTIC_INTERPOSITION succeeded with the following output:
Change Dir: /home/m4x/Documents/Work/UA/coast/COAST/build-laptop/CMakeFiles/CMakeScratch/TryCompile-imeiBy

Run Build Command(s):/usr/bin/gmake -f Makefile cmTC_a54c7/fast && /usr/bin/gmake  -f CMakeFiles/cmTC_a54c7.dir/build.make CMakeFiles/cmTC_a54c7.dir/build
gmake[1]: Entering directory '/home/m4x/Documents/Work/UA/coast/COAST/build-laptop/CMakeFiles/CMakeScratch/TryCompile-imeiBy'
Building CXX object CMakeFiles/cmTC_a54c7.dir/src.cxx.o
/usr/bin/c++ -DCXX_SUPPORTS_FNO_SEMANTIC_INTERPOSITION  -fPIC    -Werror -fno-semantic-interposition -o CMakeFiles/cmTC_a54c7.dir/src.cxx.o -c /home/m4x/Documents/Work/UA/coast/COAST/build-laptop/CMakeFiles/CMakeScratch/TryCompile-imeiBy/src.cxx
Linking CXX executable cmTC_a54c7
/usr/bin/cmake -E cmake_link_script CMakeFiles/cmTC_a54c7.dir/link.txt --verbose=1
/usr/bin/c++  -fPIC  CMakeFiles/cmTC_a54c7.dir/src.cxx.o -o cmTC_a54c7 
gmake[1]: Leaving directory '/home/m4x/Documents/Work/UA/coast/COAST/build-laptop/CMakeFiles/CMakeScratch/TryCompile-imeiBy'


Source file was:
int main() { return 0; }

Performing C++ SOURCE FILE Test SUPPORTS_FVISIBILITY_INLINES_HIDDEN_FLAG succeeded with the following output:
Change Dir: /home/m4x/Documents/Work/UA/coast/COAST/build-laptop/CMakeFiles/CMakeScratch/TryCompile-mrGFuS

Run Build Command(s):/usr/bin/gmake -f Makefile cmTC_8d721/fast && /usr/bin/gmake  -f CMakeFiles/cmTC_8d721.dir/build.make CMakeFiles/cmTC_8d721.dir/build
gmake[1]: Entering directory '/home/m4x/Documents/Work/UA/coast/COAST/build-laptop/CMakeFiles/CMakeScratch/TryCompile-mrGFuS'
Building CXX object CMakeFiles/cmTC_8d721.dir/src.cxx.o
/usr/bin/c++ -DSUPPORTS_FVISIBILITY_INLINES_HIDDEN_FLAG  -fPIC -fno-semantic-interposition    -fvisibility-inlines-hidden -o CMakeFiles/cmTC_8d721.dir/src.cxx.o -c /home/m4x/Documents/Work/UA/coast/COAST/build-laptop/CMakeFiles/CMakeScratch/TryCompile-mrGFuS/src.cxx
Linking CXX executable cmTC_8d721
/usr/bin/cmake -E cmake_link_script CMakeFiles/cmTC_8d721.dir/link.txt --verbose=1
/usr/bin/c++  -fPIC -fno-semantic-interposition  CMakeFiles/cmTC_8d721.dir/src.cxx.o -o cmTC_8d721 
gmake[1]: Leaving directory '/home/m4x/Documents/Work/UA/coast/COAST/build-laptop/CMakeFiles/CMakeScratch/TryCompile-mrGFuS'


Source file was:
int main() { return 0; }

Performing C SOURCE FILE Test C_SUPPORTS_WERROR_DATE_TIME succeeded with the following output:
Change Dir: /home/m4x/Documents/Work/UA/coast/COAST/build-laptop/CMakeFiles/CMakeScratch/TryCompile-Uzb5c1

Run Build Command(s):/usr/bin/gmake -f Makefile cmTC_4521b/fast && /usr/bin/gmake  -f CMakeFiles/cmTC_4521b.dir/build.make CMakeFiles/cmTC_4521b.dir/build
gmake[1]: Entering directory '/home/m4x/Documents/Work/UA/coast/COAST/build-laptop/CMakeFiles/CMakeScratch/TryCompile-Uzb5c1'
Building C object CMakeFiles/cmTC_4521b.dir/src.c.o
/usr/bin/cc -DC_SUPPORTS_WERROR_DATE_TIME  -fPIC -fno-semantic-interposition    -Werror -Werror=date-time -o CMakeFiles/cmTC_4521b.dir/src.c.o -c /home/m4x/Documents/Work/UA/coast/COAST/build-laptop/CMakeFiles/CMakeScratch/TryCompile-Uzb5c1/src.c
Linking C executable cmTC_4521b
/usr/bin/cmake -E cmake_link_script CMakeFiles/cmTC_4521b.dir/link.txt --verbose=1
/usr/bin/cc  -fPIC -fno-semantic-interposition  CMakeFiles/cmTC_4521b.dir/src.c.o -o cmTC_4521b 
gmake[1]: Leaving directory '/home/m4x/Documents/Work/UA/coast/COAST/build-laptop/CMakeFiles/CMakeScratch/TryCompile-Uzb5c1'


Source file was:
int main(void) { return 0; }

Performing C++ SOURCE FILE Test CXX_SUPPORTS_WERROR_DATE_TIME succeeded with the following output:
Change Dir: /home/m4x/Documents/Work/UA/coast/COAST/build-laptop/CMakeFiles/CMakeScratch/TryCompile-Tso8ec

Run Build Command(s):/usr/bin/gmake -f Makefile cmTC_d25d2/fast && /usr/bin/gmake  -f CMakeFiles/cmTC_d25d2.dir/build.make CMakeFiles/cmTC_d25d2.dir/build
gmake[1]: Entering directory '/home/m4x/Documents/Work/UA/coast/COAST/build-laptop/CMakeFiles/CMakeScratch/TryCompile-Tso8ec'
Building CXX object CMakeFiles/cmTC_d25d2.dir/src.cxx.o
/usr/bin/c++ -DCXX_SUPPORTS_WERROR_DATE_TIME  -fPIC -fno-semantic-interposition -fvisibility-inlines-hidden    -Werror -Werror=date-time -o CMakeFiles/cmTC_d25d2.dir/src.cxx.o -c /home/m4x/Documents/Work/UA/coast/COAST/build-laptop/CMakeFiles/CMakeScratch/TryCompile-Tso8ec/src.cxx
Linking CXX executable cmTC_d25d2
/usr/bin/cmake -E cmake_link_script CMakeFiles/cmTC_d25d2.dir/link.txt --verbose=1
/usr/bin/c++  -fPIC -fno-semantic-interposition -fvisibility-inlines-hidden  CMakeFiles/cmTC_d25d2.dir/src.cxx.o -o cmTC_d25d2 
gmake[1]: Leaving directory '/home/m4x/Documents/Work/UA/coast/COAST/build-laptop/CMakeFiles/CMakeScratch/TryCompile-Tso8ec'


Source file was:
int main() { return 0; }

Performing C++ SOURCE FILE Test CXX_SUPPORTS_MISSING_FIELD_INITIALIZERS_FLAG succeeded with the following output:
Change Dir: /home/m4x/Documents/Work/UA/coast/COAST/build-laptop/CMakeFiles/CMakeScratch/TryCompile-vSUCf4

Run Build Command(s):/usr/bin/gmake -f Makefile cmTC_4039f/fast && /usr/bin/gmake  -f CMakeFiles/cmTC_4039f.dir/build.make CMakeFiles/cmTC_4039f.dir/build
gmake[1]: Entering directory '/home/m4x/Documents/Work/UA/coast/COAST/build-laptop/CMakeFiles/CMakeScratch/TryCompile-vSUCf4'
Building CXX object CMakeFiles/cmTC_4039f.dir/src.cxx.o
/usr/bin/c++ -DCXX_SUPPORTS_MISSING_FIELD_INITIALIZERS_FLAG  -fPIC -fno-semantic-interposition -fvisibility-inlines-hidden -Werror=date-time -Wall -Wextra -Wno-unused-parameter -Wwrite-strings -Wcast-qual    -Wmissing-field-initializers -o CMakeFiles/cmTC_4039f.dir/src.cxx.o -c /home/m4x/Documents/Work/UA/coast/COAST/build-laptop/CMakeFiles/CMakeScratch/TryCompile-vSUCf4/src.cxx
Linking CXX executable cmTC_4039f
/usr/bin/cmake -E cmake_link_script CMakeFiles/cmTC_4039f.dir/link.txt --verbose=1
/usr/bin/c++  -fPIC -fno-semantic-interposition -fvisibility-inlines-hidden -Werror=date-time -Wall -Wextra -Wno-unused-parameter -Wwrite-strings -Wcast-qual  CMakeFiles/cmTC_4039f.dir/src.cxx.o -o cmTC_4039f 
gmake[1]: Leaving directory '/home/m4x/Documents/Work/UA/coast/COAST/build-laptop/CMakeFiles/CMakeScratch/TryCompile-vSUCf4'


Source file was:
int main() { return 0; }

Performing C SOURCE FILE Test C_SUPPORTS_IMPLICIT_FALLTHROUGH_FLAG succeeded with the following output:
Change Dir: /home/m4x/Documents/Work/UA/coast/COAST/build-laptop/CMakeFiles/CMakeScratch/TryCompile-Sw7Wfs

Run Build Command(s):/usr/bin/gmake -f Makefile cmTC_a1c2d/fast && /usr/bin/gmake  -f CMakeFiles/cmTC_a1c2d.dir/build.make CMakeFiles/cmTC_a1c2d.dir/build
gmake[1]: Entering directory '/home/m4x/Documents/Work/UA/coast/COAST/build-laptop/CMakeFiles/CMakeScratch/TryCompile-Sw7Wfs'
Building C object CMakeFiles/cmTC_a1c2d.dir/src.c.o
/usr/bin/cc -DC_SUPPORTS_IMPLICIT_FALLTHROUGH_FLAG  -fPIC -fno-semantic-interposition -Werror=date-time -Wall -Wextra -Wno-unused-parameter -Wwrite-strings -Wno-missing-field-initializers    -Werror -Wimplicit-fallthrough -o CMakeFiles/cmTC_a1c2d.dir/src.c.o -c /home/m4x/Documents/Work/UA/coast/COAST/build-laptop/CMakeFiles/CMakeScratch/TryCompile-Sw7Wfs/src.c
Linking C executable cmTC_a1c2d
/usr/bin/cmake -E cmake_link_script CMakeFiles/cmTC_a1c2d.dir/link.txt --verbose=1
/usr/bin/cc  -fPIC -fno-semantic-interposition -Werror=date-time -Wall -Wextra -Wno-unused-parameter -Wwrite-strings -Wno-missing-field-initializers  CMakeFiles/cmTC_a1c2d.dir/src.c.o -o cmTC_a1c2d 
gmake[1]: Leaving directory '/home/m4x/Documents/Work/UA/coast/COAST/build-laptop/CMakeFiles/CMakeScratch/TryCompile-Sw7Wfs'


Source file was:
int main(void) { return 0; }

Performing C++ SOURCE FILE Test CXX_SUPPORTS_IMPLICIT_FALLTHROUGH_FLAG succeeded with the following output:
Change Dir: /home/m4x/Documents/Work/UA/coast/COAST/build-laptop/CMakeFiles/CMakeScratch/TryCompile-xpnGHQ

Run Build Command(s):/usr/bin/gmake -f Makefile cmTC_ac553/fast && /usr/bin/gmake  -f CMakeFiles/cmTC_ac553.dir/build.make CMakeFiles/cmTC_ac553.dir/build
gmake[1]: Entering directory '/home/m4x/Documents/Work/UA/coast/COAST/build-laptop/CMakeFiles/CMakeScratch/TryCompile-xpnGHQ'
Building CXX object CMakeFiles/cmTC_ac553.dir/src.cxx.o
/usr/bin/c++ -DCXX_SUPPORTS_IMPLICIT_FALLTHROUGH_FLAG  -fPIC -fno-semantic-interposition -fvisibility-inlines-hidden -Werror=date-time -Wall -Wextra -Wno-unused-parameter -Wwrite-strings -Wcast-qual -Wno-missing-field-initializers    -Werror -Wimplicit-fallthrough -o CMakeFiles/cmTC_ac553.dir/src.cxx.o -c /home/m4x/Documents/Work/UA/coast/COAST/build-laptop/CMakeFiles/CMakeScratch/TryCompile-xpnGHQ/src.cxx
Linking CXX executable cmTC_ac553
/usr/bin/cmake -E cmake_link_script CMakeFiles/cmTC_ac553.dir/link.txt --verbose=1
/usr/bin/c++  -fPIC -fno-semantic-interposition -fvisibility-inlines-hidden -Werror=date-time -Wall -Wextra -Wno-unused-parameter -Wwrite-strings -Wcast-qual -Wno-missing-field-initializers  CMakeFiles/cmTC_ac553.dir/src.cxx.o -o cmTC_ac553 
gmake[1]: Leaving directory '/home/m4x/Documents/Work/UA/coast/COAST/build-laptop/CMakeFiles/CMakeScratch/TryCompile-xpnGHQ'


Source file was:
int main() { return 0; }

Performing C++ SOURCE FILE Test CXX_SUPPORTS_CLASS_MEMACCESS_FLAG succeeded with the following output:
Change Dir: /home/m4x/Documents/Work/UA/coast/COAST/build-laptop/CMakeFiles/CMakeScratch/TryCompile-LdYigG

Run Build Command(s):/usr/bin/gmake -f Makefile cmTC_e9819/fast && /usr/bin/gmake  -f CMakeFiles/cmTC_e9819.dir/build.make CMakeFiles/cmTC_e9819.dir/build
gmake[1]: Entering directory '/home/m4x/Documents/Work/UA/coast/COAST/build-laptop/CMakeFiles/CMakeScratch/TryCompile-LdYigG'
Building CXX object CMakeFiles/cmTC_e9819.dir/src.cxx.o
/usr/bin/c++ -DCXX_SUPPORTS_CLASS_MEMACCESS_FLAG  -fPIC -fno-semantic-interposition -fvisibility-inlines-hidden -Werror=date-time -Wall -Wextra -Wno-unused-parameter -Wwrite-strings -Wcast-qual -Wno-missing-field-initializers -Wimplicit-fallthrough    -Wclass-memaccess -o CMakeFiles/cmTC_e9819.dir/src.cxx.o -c /home/m4x/Documents/Work/UA/coast/COAST/build-laptop/CMakeFiles/CMakeScratch/TryCompile-LdYigG/src.cxx
Linking CXX executable cmTC_e9819
/usr/bin/cmake -E cmake_link_script CMakeFiles/cmTC_e9819.dir/link.txt --verbose=1
/usr/bin/c++  -fPIC -fno-semantic-interposition -fvisibility-inlines-hidden -Werror=date-time -Wall -Wextra -Wno-unused-parameter -Wwrite-strings -Wcast-qual -Wno-missing-field-initializers -Wimplicit-fallthrough  CMakeFiles/cmTC_e9819.dir/src.cxx.o -o cmTC_e9819 
gmake[1]: Leaving directory '/home/m4x/Documents/Work/UA/coast/COAST/build-laptop/CMakeFiles/CMakeScratch/TryCompile-LdYigG'


Source file was:
int main() { return 0; }

Performing C++ SOURCE FILE Test CXX_SUPPORTS_REDUNDANT_MOVE_FLAG succeeded with the following output:
Change Dir: /home/m4x/Documents/Work/UA/coast/COAST/build-laptop/CMakeFiles/CMakeScratch/TryCompile-t1tKur

Run Build Command(s):/usr/bin/gmake -f Makefile cmTC_84000/fast && /usr/bin/gmake  -f CMakeFiles/cmTC_84000.dir/build.make CMakeFiles/cmTC_84000.dir/build
gmake[1]: Entering directory '/home/m4x/Documents/Work/UA/coast/COAST/build-laptop/CMakeFiles/CMakeScratch/TryCompile-t1tKur'
Building CXX object CMakeFiles/cmTC_84000.dir/src.cxx.o
/usr/bin/c++ -DCXX_SUPPORTS_REDUNDANT_MOVE_FLAG  -fPIC -fno-semantic-interposition -fvisibility-inlines-hidden -Werror=date-time -Wall -Wextra -Wno-unused-parameter -Wwrite-strings -Wcast-qual -Wno-missing-field-initializers -Wimplicit-fallthrough -Wno-class-memaccess    -Wredundant-move -o CMakeFiles/cmTC_84000.dir/src.cxx.o -c /home/m4x/Documents/Work/UA/coast/COAST/build-laptop/CMakeFiles/CMakeScratch/TryCompile-t1tKur/src.cxx
Linking CXX executable cmTC_84000
/usr/bin/cmake -E cmake_link_script CMakeFiles/cmTC_84000.dir/link.txt --verbose=1
/usr/bin/c++  -fPIC -fno-semantic-interposition -fvisibility-inlines-hidden -Werror=date-time -Wall -Wextra -Wno-unused-parameter -Wwrite-strings -Wcast-qual -Wno-missing-field-initializers -Wimplicit-fallthrough -Wno-class-memaccess  CMakeFiles/cmTC_84000.dir/src.cxx.o -o cmTC_84000 
gmake[1]: Leaving directory '/home/m4x/Documents/Work/UA/coast/COAST/build-laptop/CMakeFiles/CMakeScratch/TryCompile-t1tKur'


Source file was:
int main() { return 0; }

Performing C++ SOURCE FILE Test CXX_SUPPORTS_PESSIMIZING_MOVE_FLAG succeeded with the following output:
Change Dir: /home/m4x/Documents/Work/UA/coast/COAST/build-laptop/CMakeFiles/CMakeScratch/TryCompile-M7tXNl

Run Build Command(s):/usr/bin/gmake -f Makefile cmTC_d424c/fast && /usr/bin/gmake  -f CMakeFiles/cmTC_d424c.dir/build.make CMakeFiles/cmTC_d424c.dir/build
gmake[1]: Entering directory '/home/m4x/Documents/Work/UA/coast/COAST/build-laptop/CMakeFiles/CMakeScratch/TryCompile-M7tXNl'
Building CXX object CMakeFiles/cmTC_d424c.dir/src.cxx.o
/usr/bin/c++ -DCXX_SUPPORTS_PESSIMIZING_MOVE_FLAG  -fPIC -fno-semantic-interposition -fvisibility-inlines-hidden -Werror=date-time -Wall -Wextra -Wno-unused-parameter -Wwrite-strings -Wcast-qual -Wno-missing-field-initializers -Wimplicit-fallthrough -Wno-class-memaccess -Wno-redundant-move    -Wpessimizing-move -o CMakeFiles/cmTC_d424c.dir/src.cxx.o -c /home/m4x/Documents/Work/UA/coast/COAST/build-laptop/CMakeFiles/CMakeScratch/TryCompile-M7tXNl/src.cxx
Linking CXX executable cmTC_d424c
/usr/bin/cmake -E cmake_link_script CMakeFiles/cmTC_d424c.dir/link.txt --verbose=1
/usr/bin/c++  -fPIC -fno-semantic-interposition -fvisibility-inlines-hidden -Werror=date-time -Wall -Wextra -Wno-unused-parameter -Wwrite-strings -Wcast-qual -Wno-missing-field-initializers -Wimplicit-fallthrough -Wno-class-memaccess -Wno-redundant-move  CMakeFiles/cmTC_d424c.dir/src.cxx.o -o cmTC_d424c 
gmake[1]: Leaving directory '/home/m4x/Documents/Work/UA/coast/COAST/build-laptop/CMakeFiles/CMakeScratch/TryCompile-M7tXNl'


Source file was:
int main() { return 0; }

Performing C++ SOURCE FILE Test CXX_SUPPORTS_NOEXCEPT_TYPE_FLAG succeeded with the following output:
Change Dir: /home/m4x/Documents/Work/UA/coast/COAST/build-laptop/CMakeFiles/CMakeScratch/TryCompile-6uxlJx

Run Build Command(s):/usr/bin/gmake -f Makefile cmTC_8973c/fast && /usr/bin/gmake  -f CMakeFiles/cmTC_8973c.dir/build.make CMakeFiles/cmTC_8973c.dir/build
gmake[1]: Entering directory '/home/m4x/Documents/Work/UA/coast/COAST/build-laptop/CMakeFiles/CMakeScratch/TryCompile-6uxlJx'
Building CXX object CMakeFiles/cmTC_8973c.dir/src.cxx.o
/usr/bin/c++ -DCXX_SUPPORTS_NOEXCEPT_TYPE_FLAG  -fPIC -fno-semantic-interposition -fvisibility-inlines-hidden -Werror=date-time -Wall -Wextra -Wno-unused-parameter -Wwrite-strings -Wcast-qual -Wno-missing-field-initializers -Wimplicit-fallthrough -Wno-class-memaccess -Wno-redundant-move -Wno-pessimizing-move    -Wnoexcept-type -o CMakeFiles/cmTC_8973c.dir/src.cxx.o -c /home/m4x/Documents/Work/UA/coast/COAST/build-laptop/CMakeFiles/CMakeScratch/TryCompile-6uxlJx/src.cxx
Linking CXX executable cmTC_8973c
/usr/bin/cmake -E cmake_link_script CMakeFiles/cmTC_8973c.dir/link.txt --verbose=1
/usr/bin/c++  -fPIC -fno-semantic-interposition -fvisibility-inlines-hidden -Werror=date-time -Wall -Wextra -Wno-unused-parameter -Wwrite-strings -Wcast-qual -Wno-missing-field-initializers -Wimplicit-fallthrough -Wno-class-memaccess -Wno-redundant-move -Wno-pessimizing-move  CMakeFiles/cmTC_8973c.dir/src.cxx.o -o cmTC_8973c 
gmake[1]: Leaving directory '/home/m4x/Documents/Work/UA/coast/COAST/build-laptop/CMakeFiles/CMakeScratch/TryCompile-6uxlJx'


Source file was:
int main() { return 0; }

Performing C++ SOURCE FILE Test CXX_SUPPORTS_SUGGEST_OVERRIDE_FLAG succeeded with the following output:
Change Dir: /home/m4x/Documents/Work/UA/coast/COAST/build-laptop/CMakeFiles/CMakeScratch/TryCompile-y0z4nY

Run Build Command(s):/usr/bin/gmake -f Makefile cmTC_28078/fast && /usr/bin/gmake  -f CMakeFiles/cmTC_28078.dir/build.make CMakeFiles/cmTC_28078.dir/build
gmake[1]: Entering directory '/home/m4x/Documents/Work/UA/coast/COAST/build-laptop/CMakeFiles/CMakeScratch/TryCompile-y0z4nY'
Building CXX object CMakeFiles/cmTC_28078.dir/src.cxx.o
/usr/bin/c++ -DCXX_SUPPORTS_SUGGEST_OVERRIDE_FLAG  -fPIC -fno-semantic-interposition -fvisibility-inlines-hidden -Werror=date-time -Wall -Wextra -Wno-unused-parameter -Wwrite-strings -Wcast-qual -Wno-missing-field-initializers -Wimplicit-fallthrough -Wno-class-memaccess -Wno-redundant-move -Wno-pessimizing-move -Wno-noexcept-type -Wdelete-non-virtual-dtor    -Wsuggest-override -o CMakeFiles/cmTC_28078.dir/src.cxx.o -c /home/m4x/Documents/Work/UA/coast/COAST/build-laptop/CMakeFiles/CMakeScratch/TryCompile-y0z4nY/src.cxx
Linking CXX executable cmTC_28078
/usr/bin/cmake -E cmake_link_script CMakeFiles/cmTC_28078.dir/link.txt --verbose=1
/usr/bin/c++  -fPIC -fno-semantic-interposition -fvisibility-inlines-hidden -Werror=date-time -Wall -Wextra -Wno-unused-parameter -Wwrite-strings -Wcast-qual -Wno-missing-field-initializers -Wimplicit-fallthrough -Wno-class-memaccess -Wno-redundant-move -Wno-pessimizing-move -Wno-noexcept-type -Wdelete-non-virtual-dtor  CMakeFiles/cmTC_28078.dir/src.cxx.o -o cmTC_28078 
gmake[1]: Leaving directory '/home/m4x/Documents/Work/UA/coast/COAST/build-laptop/CMakeFiles/CMakeScratch/TryCompile-y0z4nY'


Source file was:
int main() { return 0; }

Performing C++ SOURCE FILE Test CXX_WSUGGEST_OVERRIDE_ALLOWS_ONLY_FINAL succeeded with the following output:
Change Dir: /home/m4x/Documents/Work/UA/coast/COAST/build-laptop/CMakeFiles/CMakeScratch/TryCompile-cWfFvc

Run Build Command(s):/usr/bin/gmake -f Makefile cmTC_3972d/fast && /usr/bin/gmake  -f CMakeFiles/cmTC_3972d.dir/build.make CMakeFiles/cmTC_3972d.dir/build
gmake[1]: Entering directory '/home/m4x/Documents/Work/UA/coast/COAST/build-laptop/CMakeFiles/CMakeScratch/TryCompile-cWfFvc'
Building CXX object CMakeFiles/cmTC_3972d.dir/src.cxx.o
/usr/bin/c++ -DCXX_WSUGGEST_OVERRIDE_ALLOWS_ONLY_FINAL  -fPIC -fno-semantic-interposition -fvisibility-inlines-hidden -Werror=date-time -Wall -Wextra -Wno-unused-parameter -Wwrite-strings -Wcast-qual -Wno-missing-field-initializers -Wimplicit-fallthrough -Wno-class-memaccess -Wno-redundant-move -Wno-pessimizing-move -Wno-noexcept-type -Wdelete-non-virtual-dtor  -Werror=suggest-override -o CMakeFiles/cmTC_3972d.dir/src.cxx.o -c /home/m4x/Documents/Work/UA/coast/COAST/build-laptop/CMakeFiles/CMakeScratch/TryCompile-cWfFvc/src.cxx
Linking CXX executable cmTC_3972d
/usr/bin/cmake -E cmake_link_script CMakeFiles/cmTC_3972d.dir/link.txt --verbose=1
/usr/bin/c++  -fPIC -fno-semantic-interposition -fvisibility-inlines-hidden -Werror=date-time -Wall -Wextra -Wno-unused-parameter -Wwrite-strings -Wcast-qual -Wno-missing-field-initializers -Wimplicit-fallthrough -Wno-class-memaccess -Wno-redundant-move -Wno-pessimizing-move -Wno-noexcept-type -Wdelete-non-virtual-dtor  -Werror=suggest-override CMakeFiles/cmTC_3972d.dir/src.cxx.o -o cmTC_3972d 
gmake[1]: Leaving directory '/home/m4x/Documents/Work/UA/coast/COAST/build-laptop/CMakeFiles/CMakeScratch/TryCompile-cWfFvc'


Source file was:
class base {public: virtual void anchor();};
                               class derived : base {public: void anchor() final;};
                               int main() { return 0; }

Performing C++ SOURCE FILE Test CXX_SUPPORTS_MISLEADING_INDENTATION_FLAG succeeded with the following output:
Change Dir: /home/m4x/Documents/Work/UA/coast/COAST/build-laptop/CMakeFiles/CMakeScratch/TryCompile-ic4aSC

Run Build Command(s):/usr/bin/gmake -f Makefile cmTC_05e06/fast && /usr/bin/gmake  -f CMakeFiles/cmTC_05e06.dir/build.make CMakeFiles/cmTC_05e06.dir/build
gmake[1]: Entering directory '/home/m4x/Documents/Work/UA/coast/COAST/build-laptop/CMakeFiles/CMakeScratch/TryCompile-ic4aSC'
Building CXX object CMakeFiles/cmTC_05e06.dir/src.cxx.o
/usr/bin/c++ -DCXX_SUPPORTS_MISLEADING_INDENTATION_FLAG  -fPIC -fno-semantic-interposition -fvisibility-inlines-hidden -Werror=date-time -Wall -Wextra -Wno-unused-parameter -Wwrite-strings -Wcast-qual -Wno-missing-field-initializers -Wimplicit-fallthrough -Wno-class-memaccess -Wno-redundant-move -Wno-pessimizing-move -Wno-noexcept-type -Wdelete-non-virtual-dtor -Wsuggest-override -Wno-comment    -Wmisleading-indentation -o CMakeFiles/cmTC_05e06.dir/src.cxx.o -c /home/m4x/Documents/Work/UA/coast/COAST/build-laptop/CMakeFiles/CMakeScratch/TryCompile-ic4aSC/src.cxx
Linking CXX executable cmTC_05e06
/usr/bin/cmake -E cmake_link_script CMakeFiles/cmTC_05e06.dir/link.txt --verbose=1
/usr/bin/c++  -fPIC -fno-semantic-interposition -fvisibility-inlines-hidden -Werror=date-time -Wall -Wextra -Wno-unused-parameter -Wwrite-strings -Wcast-qual -Wno-missing-field-initializers -Wimplicit-fallthrough -Wno-class-memaccess -Wno-redundant-move -Wno-pessimizing-move -Wno-noexcept-type -Wdelete-non-virtual-dtor -Wsuggest-override -Wno-comment  CMakeFiles/cmTC_05e06.dir/src.cxx.o -o cmTC_05e06 
gmake[1]: Leaving directory '/home/m4x/Documents/Work/UA/coast/COAST/build-laptop/CMakeFiles/CMakeScratch/TryCompile-ic4aSC'


Source file was:
int main() { return 0; }

Performing C++ SOURCE FILE Test CXX_SUPPORTS_CTAD_MAYBE_UNSPPORTED_FLAG succeeded with the following output:
Change Dir: /home/m4x/Documents/Work/UA/coast/COAST/build-laptop/CMakeFiles/CMakeScratch/TryCompile-sRt4do

Run Build Command(s):/usr/bin/gmake -f Makefile cmTC_88ea6/fast && /usr/bin/gmake  -f CMakeFiles/cmTC_88ea6.dir/build.make CMakeFiles/cmTC_88ea6.dir/build
gmake[1]: Entering directory '/home/m4x/Documents/Work/UA/coast/COAST/build-laptop/CMakeFiles/CMakeScratch/TryCompile-sRt4do'
Building CXX object CMakeFiles/cmTC_88ea6.dir/src.cxx.o
/usr/bin/c++ -DCXX_SUPPORTS_CTAD_MAYBE_UNSPPORTED_FLAG  -fPIC -fno-semantic-interposition -fvisibility-inlines-hidden -Werror=date-time -Wall -Wextra -Wno-unused-parameter -Wwrite-strings -Wcast-qual -Wno-missing-field-initializers -Wimplicit-fallthrough -Wno-class-memaccess -Wno-redundant-move -Wno-pessimizing-move -Wno-noexcept-type -Wdelete-non-virtual-dtor -Wsuggest-override -Wno-comment -Wno-misleading-indentation    -Werror -Wctad-maybe-unsupported -o CMakeFiles/cmTC_88ea6.dir/src.cxx.o -c /home/m4x/Documents/Work/UA/coast/COAST/build-laptop/CMakeFiles/CMakeScratch/TryCompile-sRt4do/src.cxx
Linking CXX executable cmTC_88ea6
/usr/bin/cmake -E cmake_link_script CMakeFiles/cmTC_88ea6.dir/link.txt --verbose=1
/usr/bin/c++  -fPIC -fno-semantic-interposition -fvisibility-inlines-hidden -Werror=date-time -Wall -Wextra -Wno-unused-parameter -Wwrite-strings -Wcast-qual -Wno-missing-field-initializers -Wimplicit-fallthrough -Wno-class-memaccess -Wno-redundant-move -Wno-pessimizing-move -Wno-noexcept-type -Wdelete-non-virtual-dtor -Wsuggest-override -Wno-comment -Wno-misleading-indentation  CMakeFiles/cmTC_88ea6.dir/src.cxx.o -o cmTC_88ea6 
gmake[1]: Leaving directory '/home/m4x/Documents/Work/UA/coast/COAST/build-laptop/CMakeFiles/CMakeScratch/TryCompile-sRt4do'


Source file was:
int main() { return 0; }

Performing C SOURCE FILE Test C_SUPPORTS_FNO_FUNCTION_SECTIONS succeeded with the following output:
Change Dir: /home/m4x/Documents/Work/UA/coast/COAST/build-laptop/CMakeFiles/CMakeScratch/TryCompile-xj4PxW

Run Build Command(s):/usr/bin/gmake -f Makefile cmTC_eb336/fast && /usr/bin/gmake  -f CMakeFiles/cmTC_eb336.dir/build.make CMakeFiles/cmTC_eb336.dir/build
gmake[1]: Entering directory '/home/m4x/Documents/Work/UA/coast/COAST/build-laptop/CMakeFiles/CMakeScratch/TryCompile-xj4PxW'
Building C object CMakeFiles/cmTC_eb336.dir/src.c.o
/usr/bin/cc -DC_SUPPORTS_FNO_FUNCTION_SECTIONS  -fPIC -fno-semantic-interposition -Werror=date-time -Wall -Wextra -Wno-unused-parameter -Wwrite-strings -Wno-missing-field-initializers -Wimplicit-fallthrough -Wno-comment    -Werror -fno-function-sections -o CMakeFiles/cmTC_eb336.dir/src.c.o -c /home/m4x/Documents/Work/UA/coast/COAST/build-laptop/CMakeFiles/CMakeScratch/TryCompile-xj4PxW/src.c
Linking C executable cmTC_eb336
/usr/bin/cmake -E cmake_link_script CMakeFiles/cmTC_eb336.dir/link.txt --verbose=1
/usr/bin/cc  -fPIC -fno-semantic-interposition -Werror=date-time -Wall -Wextra -Wno-unused-parameter -Wwrite-strings -Wno-missing-field-initializers -Wimplicit-fallthrough -Wno-comment  CMakeFiles/cmTC_eb336.dir/src.c.o -o cmTC_eb336 
gmake[1]: Leaving directory '/home/m4x/Documents/Work/UA/coast/COAST/build-laptop/CMakeFiles/CMakeScratch/TryCompile-xj4PxW'


Source file was:
int main(void) { return 0; }

Performing C SOURCE FILE Test C_SUPPORTS_FFUNCTION_SECTIONS succeeded with the following output:
Change Dir: /home/m4x/Documents/Work/UA/coast/COAST/build-laptop/CMakeFiles/CMakeScratch/TryCompile-3S1vdQ

Run Build Command(s):/usr/bin/gmake -f Makefile cmTC_14e37/fast && /usr/bin/gmake  -f CMakeFiles/cmTC_14e37.dir/build.make CMakeFiles/cmTC_14e37.dir/build
gmake[1]: Entering directory '/home/m4x/Documents/Work/UA/coast/COAST/build-laptop/CMakeFiles/CMakeScratch/TryCompile-3S1vdQ'
Building C object CMakeFiles/cmTC_14e37.dir/src.c.o
/usr/bin/cc -DC_SUPPORTS_FFUNCTION_SECTIONS  -fPIC -fno-semantic-interposition -Werror=date-time -Wall -Wextra -Wno-unused-parameter -Wwrite-strings -Wno-missing-field-initializers -Wimplicit-fallthrough -Wno-comment    -Werror -ffunction-sections -o CMakeFiles/cmTC_14e37.dir/src.c.o -c /home/m4x/Documents/Work/UA/coast/COAST/build-laptop/CMakeFiles/CMakeScratch/TryCompile-3S1vdQ/src.c
Linking C executable cmTC_14e37
/usr/bin/cmake -E cmake_link_script CMakeFiles/cmTC_14e37.dir/link.txt --verbose=1
/usr/bin/cc  -fPIC -fno-semantic-interposition -Werror=date-time -Wall -Wextra -Wno-unused-parameter -Wwrite-strings -Wno-missing-field-initializers -Wimplicit-fallthrough -Wno-comment  CMakeFiles/cmTC_14e37.dir/src.c.o -o cmTC_14e37 
gmake[1]: Leaving directory '/home/m4x/Documents/Work/UA/coast/COAST/build-laptop/CMakeFiles/CMakeScratch/TryCompile-3S1vdQ'


Source file was:
int main(void) { return 0; }

Performing C++ SOURCE FILE Test CXX_SUPPORTS_FFUNCTION_SECTIONS succeeded with the following output:
Change Dir: /home/m4x/Documents/Work/UA/coast/COAST/build-laptop/CMakeFiles/CMakeScratch/TryCompile-VwBbCG

Run Build Command(s):/usr/bin/gmake -f Makefile cmTC_ab35d/fast && /usr/bin/gmake  -f CMakeFiles/cmTC_ab35d.dir/build.make CMakeFiles/cmTC_ab35d.dir/build
gmake[1]: Entering directory '/home/m4x/Documents/Work/UA/coast/COAST/build-laptop/CMakeFiles/CMakeScratch/TryCompile-VwBbCG'
Building CXX object CMakeFiles/cmTC_ab35d.dir/src.cxx.o
/usr/bin/c++ -DCXX_SUPPORTS_FFUNCTION_SECTIONS  -fPIC -fno-semantic-interposition -fvisibility-inlines-hidden -Werror=date-time -Wall -Wextra -Wno-unused-parameter -Wwrite-strings -Wcast-qual -Wno-missing-field-initializers -Wimplicit-fallthrough -Wno-class-memaccess -Wno-redundant-move -Wno-pessimizing-move -Wno-noexcept-type -Wdelete-non-virtual-dtor -Wsuggest-override -Wno-comment -Wno-misleading-indentation -Wctad-maybe-unsupported    -Werror -ffunction-sections -o CMakeFiles/cmTC_ab35d.dir/src.cxx.o -c /home/m4x/Documents/Work/UA/coast/COAST/build-laptop/CMakeFiles/CMakeScratch/TryCompile-VwBbCG/src.cxx
Linking CXX executable cmTC_ab35d
/usr/bin/cmake -E cmake_link_script CMakeFiles/cmTC_ab35d.dir/link.txt --verbose=1
/usr/bin/c++  -fPIC -fno-semantic-interposition -fvisibility-inlines-hidden -Werror=date-time -Wall -Wextra -Wno-unused-parameter -Wwrite-strings -Wcast-qual -Wno-missing-field-initializers -Wimplicit-fallthrough -Wno-class-memaccess -Wno-redundant-move -Wno-pessimizing-move -Wno-noexcept-type -Wdelete-non-virtual-dtor -Wsuggest-override -Wno-comment -Wno-misleading-indentation -Wctad-maybe-unsupported  CMakeFiles/cmTC_ab35d.dir/src.cxx.o -o cmTC_ab35d 
gmake[1]: Leaving directory '/home/m4x/Documents/Work/UA/coast/COAST/build-laptop/CMakeFiles/CMakeScratch/TryCompile-VwBbCG'


Source file was:
int main() { return 0; }

Performing C SOURCE FILE Test C_SUPPORTS_FDATA_SECTIONS succeeded with the following output:
Change Dir: /home/m4x/Documents/Work/UA/coast/COAST/build-laptop/CMakeFiles/CMakeScratch/TryCompile-FFsXER

Run Build Command(s):/usr/bin/gmake -f Makefile cmTC_3ef40/fast && /usr/bin/gmake  -f CMakeFiles/cmTC_3ef40.dir/build.make CMakeFiles/cmTC_3ef40.dir/build
gmake[1]: Entering directory '/home/m4x/Documents/Work/UA/coast/COAST/build-laptop/CMakeFiles/CMakeScratch/TryCompile-FFsXER'
Building C object CMakeFiles/cmTC_3ef40.dir/src.c.o
/usr/bin/cc -DC_SUPPORTS_FDATA_SECTIONS  -fPIC -fno-semantic-interposition -Werror=date-time -Wall -Wextra -Wno-unused-parameter -Wwrite-strings -Wno-missing-field-initializers -Wimplicit-fallthrough -Wno-comment -ffunction-sections    -Werror -fdata-sections -o CMakeFiles/cmTC_3ef40.dir/src.c.o -c /home/m4x/Documents/Work/UA/coast/COAST/build-laptop/CMakeFiles/CMakeScratch/TryCompile-FFsXER/src.c
Linking C executable cmTC_3ef40
/usr/bin/cmake -E cmake_link_script CMakeFiles/cmTC_3ef40.dir/link.txt --verbose=1
/usr/bin/cc  -fPIC -fno-semantic-interposition -Werror=date-time -Wall -Wextra -Wno-unused-parameter -Wwrite-strings -Wno-missing-field-initializers -Wimplicit-fallthrough -Wno-comment -ffunction-sections  CMakeFiles/cmTC_3ef40.dir/src.c.o -o cmTC_3ef40 
gmake[1]: Leaving directory '/home/m4x/Documents/Work/UA/coast/COAST/build-laptop/CMakeFiles/CMakeScratch/TryCompile-FFsXER'


Source file was:
int main(void) { return 0; }

Performing C++ SOURCE FILE Test CXX_SUPPORTS_FDATA_SECTIONS succeeded with the following output:
Change Dir: /home/m4x/Documents/Work/UA/coast/COAST/build-laptop/CMakeFiles/CMakeScratch/TryCompile-R17F8e

Run Build Command(s):/usr/bin/gmake -f Makefile cmTC_552bb/fast && /usr/bin/gmake  -f CMakeFiles/cmTC_552bb.dir/build.make CMakeFiles/cmTC_552bb.dir/build
gmake[1]: Entering directory '/home/m4x/Documents/Work/UA/coast/COAST/build-laptop/CMakeFiles/CMakeScratch/TryCompile-R17F8e'
Building CXX object CMakeFiles/cmTC_552bb.dir/src.cxx.o
/usr/bin/c++ -DCXX_SUPPORTS_FDATA_SECTIONS  -fPIC -fno-semantic-interposition -fvisibility-inlines-hidden -Werror=date-time -Wall -Wextra -Wno-unused-parameter -Wwrite-strings -Wcast-qual -Wno-missing-field-initializers -Wimplicit-fallthrough -Wno-class-memaccess -Wno-redundant-move -Wno-pessimizing-move -Wno-noexcept-type -Wdelete-non-virtual-dtor -Wsuggest-override -Wno-comment -Wno-misleading-indentation -Wctad-maybe-unsupported -ffunction-sections    -Werror -fdata-sections -o CMakeFiles/cmTC_552bb.dir/src.cxx.o -c /home/m4x/Documents/Work/UA/coast/COAST/build-laptop/CMakeFiles/CMakeScratch/TryCompile-R17F8e/src.cxx
Linking CXX executable cmTC_552bb
/usr/bin/cmake -E cmake_link_script CMakeFiles/cmTC_552bb.dir/link.txt --verbose=1
/usr/bin/c++  -fPIC -fno-semantic-interposition -fvisibility-inlines-hidden -Werror=date-time -Wall -Wextra -Wno-unused-parameter -Wwrite-strings -Wcast-qual -Wno-missing-field-initializers -Wimplicit-fallthrough -Wno-class-memaccess -Wno-redundant-move -Wno-pessimizing-move -Wno-noexcept-type -Wdelete-non-virtual-dtor -Wsuggest-override -Wno-comment -Wno-misleading-indentation -Wctad-maybe-unsupported -ffunction-sections  CMakeFiles/cmTC_552bb.dir/src.cxx.o -o cmTC_552bb 
gmake[1]: Leaving directory '/home/m4x/Documents/Work/UA/coast/COAST/build-laptop/CMakeFiles/CMakeScratch/TryCompile-R17F8e'


Source file was:
int main() { return 0; }

